[0.026s] Invoking command in '/home/krissso/master_ws/build/visualization': CMAKE_PREFIX_PATH=${CMAKE_PREFIX_PATH}:/home/krissso/master_ws/install/range_sensors:/home/krissso/master_ws/install/qr_reader:/home/krissso/master_ws/install/move_test:/home/krissso/master_ws/install/map:/home/krissso/master_ws/install/intel_realsense:/opt/ros/eloquent /usr/bin/cmake --build /home/krissso/master_ws/build/visualization -- -j1 -l1
[0.104s] Invoked command in '/home/krissso/master_ws/build/visualization' returned '0': CMAKE_PREFIX_PATH=${CMAKE_PREFIX_PATH}:/home/krissso/master_ws/install/range_sensors:/home/krissso/master_ws/install/qr_reader:/home/krissso/master_ws/install/move_test:/home/krissso/master_ws/install/map:/home/krissso/master_ws/install/intel_realsense:/opt/ros/eloquent /usr/bin/cmake --build /home/krissso/master_ws/build/visualization -- -j1 -l1
[0.156s] Invoking command in '/home/krissso/master_ws/build/visualization': CMAKE_PREFIX_PATH=${CMAKE_PREFIX_PATH}:/home/krissso/master_ws/install/range_sensors:/home/krissso/master_ws/install/qr_reader:/home/krissso/master_ws/install/move_test:/home/krissso/master_ws/install/map:/home/krissso/master_ws/install/intel_realsense:/opt/ros/eloquent /usr/bin/cmake --build /home/krissso/master_ws/build/visualization --target install -- -j1 -l1
[0.232s] [36mInstall the project...[0m
[0.247s] -- Install configuration: ""
[0.249s] -- Execute custom install script
[0.250s] -- Up-to-date symlink: /home/krissso/master_ws/install/visualization/share/visualization/config/model.rviz
[0.251s] -- Up-to-date symlink: /home/krissso/master_ws/install/visualization/share/visualization/urdf/test.urdf
[0.251s] -- Up-to-date symlink: /home/krissso/master_ws/install/visualization/share/visualization/launch/test.launch.py
[0.252s] -- Up-to-date symlink: /home/krissso/master_ws/install/visualization/share/visualization/launch/test2.launch.py
[0.253s] -- Up-to-date symlink: /home/krissso/master_ws/install/visualization/share/ament_index/resource_index/package_run_dependencies/visualization
[0.253s] -- Up-to-date symlink: /home/krissso/master_ws/install/visualization/share/ament_index/resource_index/parent_prefix_path/visualization
[0.254s] -- Up-to-date symlink: /home/krissso/master_ws/install/visualization/share/visualization/environment/ament_prefix_path.sh
[0.255s] -- Up-to-date symlink: /home/krissso/master_ws/install/visualization/share/visualization/environment/ament_prefix_path.dsv
[0.255s] -- Up-to-date symlink: /home/krissso/master_ws/install/visualization/share/visualization/environment/path.sh
[0.256s] -- Up-to-date symlink: /home/krissso/master_ws/install/visualization/share/visualization/environment/path.dsv
[0.257s] -- Up-to-date symlink: /home/krissso/master_ws/install/visualization/share/visualization/local_setup.bash
[0.257s] -- Up-to-date symlink: /home/krissso/master_ws/install/visualization/share/visualization/local_setup.sh
[0.258s] -- Up-to-date symlink: /home/krissso/master_ws/install/visualization/share/visualization/local_setup.zsh
[0.259s] -- Up-to-date symlink: /home/krissso/master_ws/install/visualization/share/visualization/local_setup.dsv
[0.259s] -- Symlinking: /home/krissso/master_ws/install/visualization/share/visualization/package.dsv
[0.273s] -- Up-to-date symlink: /home/krissso/master_ws/install/visualization/share/ament_index/resource_index/packages/visualization
[0.274s] -- Up-to-date symlink: /home/krissso/master_ws/install/visualization/share/visualization/cmake/visualizationConfig.cmake
[0.274s] -- Up-to-date symlink: /home/krissso/master_ws/install/visualization/share/visualization/cmake/visualizationConfig-version.cmake
[0.275s] -- Up-to-date symlink: /home/krissso/master_ws/install/visualization/share/visualization/package.xml
[0.281s] Invoked command in '/home/krissso/master_ws/build/visualization' returned '0': CMAKE_PREFIX_PATH=${CMAKE_PREFIX_PATH}:/home/krissso/master_ws/install/range_sensors:/home/krissso/master_ws/install/qr_reader:/home/krissso/master_ws/install/move_test:/home/krissso/master_ws/install/map:/home/krissso/master_ws/install/intel_realsense:/opt/ros/eloquent /usr/bin/cmake --build /home/krissso/master_ws/build/visualization --target install -- -j1 -l1
