[0.377s] Invoking command in '/home/krissso/master_ws/build/qr_reader': PYTHONPATH=/home/krissso/master_ws/install/qr_reader/lib/python3.6/site-packages:${PYTHONPATH} /usr/bin/python3 setup.py develop --prefix /home/krissso/master_ws/install/qr_reader --editable --build-directory /home/krissso/master_ws/build/qr_reader/build --no-deps install_data --install-dir /home/krissso/master_ws/install/qr_reader
[0.706s] running develop
[0.859s] running egg_info
[0.860s] creating qr_reader.egg-info
[0.860s] writing qr_reader.egg-info/PKG-INFO
[0.861s] writing dependency_links to qr_reader.egg-info/dependency_links.txt
[0.861s] writing entry points to qr_reader.egg-info/entry_points.txt
[0.861s] writing requirements to qr_reader.egg-info/requires.txt
[0.861s] writing top-level names to qr_reader.egg-info/top_level.txt
[0.862s] writing manifest file 'qr_reader.egg-info/SOURCES.txt'
[0.915s] reading manifest file 'qr_reader.egg-info/SOURCES.txt'
[0.917s] writing manifest file 'qr_reader.egg-info/SOURCES.txt'
[0.918s] running build_ext
[0.919s] Creating /home/krissso/master_ws/install/qr_reader/lib/python3.6/site-packages/site.py
[0.920s] Creating /home/krissso/master_ws/install/qr_reader/lib/python3.6/site-packages/qr-reader.egg-link (link to .)
[0.921s] Installing pose_estimate script to /home/krissso/master_ws/install/qr_reader/lib/qr_reader
[0.922s] 
[0.922s] Installed /home/krissso/master_ws/build/qr_reader
[0.922s] running install_data
[0.922s] creating /home/krissso/master_ws/install/qr_reader/share/ament_index
[0.923s] creating /home/krissso/master_ws/install/qr_reader/share/ament_index/resource_index
[0.923s] creating /home/krissso/master_ws/install/qr_reader/share/ament_index/resource_index/packages
[0.923s] copying resource/qr_reader -> /home/krissso/master_ws/install/qr_reader/share/ament_index/resource_index/packages
[0.923s] copying package.xml -> /home/krissso/master_ws/install/qr_reader/share/qr_reader
[0.959s] Invoked command in '/home/krissso/master_ws/build/qr_reader' returned '0': PYTHONPATH=/home/krissso/master_ws/install/qr_reader/lib/python3.6/site-packages:${PYTHONPATH} /usr/bin/python3 setup.py develop --prefix /home/krissso/master_ws/install/qr_reader --editable --build-directory /home/krissso/master_ws/build/qr_reader/build --no-deps install_data --install-dir /home/krissso/master_ws/install/qr_reader
