[0.466s] DEBUG:colcon:Command line arguments: ['/usr/bin/colcon', 'build', '--symlink-install']
[0.466s] DEBUG:colcon:Parsed command line arguments: Namespace(ament_cmake_args=None, base_paths=['.'], build_base='build', catkin_cmake_args=None, catkin_skip_building_tests=False, cmake_args=None, cmake_clean_cache=False, cmake_clean_first=False, cmake_force_configure=False, cmake_target=None, cmake_target_skip_unavailable=False, continue_on_error=False, event_handlers=None, executor='parallel', ignore_user_meta=False, install_base='install', log_base=None, log_level=None, main=<bound method BuildVerb.main of <colcon_core.verb.build.BuildVerb object at 0x7f58a00984a8>>, merge_install=False, metas=['./colcon.meta'], packages_above=None, packages_above_depth=None, packages_end=None, packages_ignore=None, packages_ignore_regex=None, packages_select=None, packages_select_build_failed=False, packages_select_by_dep=None, packages_select_regex=None, packages_select_test_failures=False, packages_skip=None, packages_skip_build_finished=False, packages_skip_by_dep=None, packages_skip_regex=None, packages_skip_test_passed=False, packages_skip_up_to=None, packages_start=None, packages_up_to=None, parallel_workers=1, paths=None, symlink_install=True, test_result_base=None, verb_extension=<colcon_core.verb.build.BuildVerb object at 0x7f58a00984a8>, verb_name='build', verb_parser=<colcon_defaults.argument_parser.defaults.DefaultArgumentsDecorator object at 0x7f58a00987f0>)
[0.573s] Level 1:colcon.colcon_core.package_discovery:discover_packages(colcon_meta) check parameters
[0.573s] Level 1:colcon.colcon_core.package_discovery:discover_packages(recursive) check parameters
[0.573s] Level 1:colcon.colcon_core.package_discovery:discover_packages(ignore) check parameters
[0.573s] Level 1:colcon.colcon_core.package_discovery:discover_packages(path) check parameters
[0.573s] Level 1:colcon.colcon_core.package_discovery:discover_packages(colcon_meta) discover
[0.574s] Level 1:colcon.colcon_core.package_discovery:discover_packages(recursive) discover
[0.574s] INFO:colcon.colcon_core.package_discovery:Crawling recursively for packages in '/home/krissso/master_ws'
[0.574s] Level 1:colcon.colcon_core.package_identification:_identify(.) by extensions ['ignore', 'ignore_ament_install']
[0.574s] Level 1:colcon.colcon_core.package_identification:_identify(.) by extension 'ignore'
[0.574s] Level 1:colcon.colcon_core.package_identification:_identify(.) by extension 'ignore_ament_install'
[0.574s] Level 1:colcon.colcon_core.package_identification:_identify(.) by extensions ['colcon_pkg']
[0.574s] Level 1:colcon.colcon_core.package_identification:_identify(.) by extension 'colcon_pkg'
[0.574s] Level 1:colcon.colcon_core.package_identification:_identify(.) by extensions ['colcon_meta']
[0.574s] Level 1:colcon.colcon_core.package_identification:_identify(.) by extension 'colcon_meta'
[0.574s] Level 1:colcon.colcon_core.package_identification:_identify(.) by extensions ['ros']
[0.574s] Level 1:colcon.colcon_core.package_identification:_identify(.) by extension 'ros'
[0.596s] Level 1:colcon.colcon_core.package_identification:_identify(.) by extensions ['cmake', 'python']
[0.596s] Level 1:colcon.colcon_core.package_identification:_identify(.) by extension 'cmake'
[0.596s] Level 1:colcon.colcon_core.package_identification:_identify(.) by extension 'python'
[0.596s] Level 1:colcon.colcon_core.package_identification:_identify(.) by extensions ['python_setup_py']
[0.596s] Level 1:colcon.colcon_core.package_identification:_identify(.) by extension 'python_setup_py'
[0.596s] Level 1:colcon.colcon_core.package_identification:_identify(build) by extensions ['ignore', 'ignore_ament_install']
[0.597s] Level 1:colcon.colcon_core.package_identification:_identify(build) by extension 'ignore'
[0.597s] Level 1:colcon.colcon_core.package_identification:_identify(build) ignored
[0.597s] Level 1:colcon.colcon_core.package_identification:_identify(install) by extensions ['ignore', 'ignore_ament_install']
[0.597s] Level 1:colcon.colcon_core.package_identification:_identify(install) by extension 'ignore'
[0.597s] Level 1:colcon.colcon_core.package_identification:_identify(install) ignored
[0.598s] Level 1:colcon.colcon_core.package_identification:_identify(log) by extensions ['ignore', 'ignore_ament_install']
[0.598s] Level 1:colcon.colcon_core.package_identification:_identify(log) by extension 'ignore'
[0.598s] Level 1:colcon.colcon_core.package_identification:_identify(log) ignored
[0.598s] Level 1:colcon.colcon_core.package_identification:_identify(src) by extensions ['ignore', 'ignore_ament_install']
[0.598s] Level 1:colcon.colcon_core.package_identification:_identify(src) by extension 'ignore'
[0.598s] Level 1:colcon.colcon_core.package_identification:_identify(src) by extension 'ignore_ament_install'
[0.598s] Level 1:colcon.colcon_core.package_identification:_identify(src) by extensions ['colcon_pkg']
[0.598s] Level 1:colcon.colcon_core.package_identification:_identify(src) by extension 'colcon_pkg'
[0.598s] Level 1:colcon.colcon_core.package_identification:_identify(src) by extensions ['colcon_meta']
[0.599s] Level 1:colcon.colcon_core.package_identification:_identify(src) by extension 'colcon_meta'
[0.599s] Level 1:colcon.colcon_core.package_identification:_identify(src) by extensions ['ros']
[0.599s] Level 1:colcon.colcon_core.package_identification:_identify(src) by extension 'ros'
[0.599s] Level 1:colcon.colcon_core.package_identification:_identify(src) by extensions ['cmake', 'python']
[0.599s] Level 1:colcon.colcon_core.package_identification:_identify(src) by extension 'cmake'
[0.599s] Level 1:colcon.colcon_core.package_identification:_identify(src) by extension 'python'
[0.599s] Level 1:colcon.colcon_core.package_identification:_identify(src) by extensions ['python_setup_py']
[0.599s] Level 1:colcon.colcon_core.package_identification:_identify(src) by extension 'python_setup_py'
[0.599s] Level 1:colcon.colcon_core.package_identification:_identify(src/intel_realsense) by extensions ['ignore', 'ignore_ament_install']
[0.599s] Level 1:colcon.colcon_core.package_identification:_identify(src/intel_realsense) by extension 'ignore'
[0.599s] Level 1:colcon.colcon_core.package_identification:_identify(src/intel_realsense) by extension 'ignore_ament_install'
[0.599s] Level 1:colcon.colcon_core.package_identification:_identify(src/intel_realsense) by extensions ['colcon_pkg']
[0.599s] Level 1:colcon.colcon_core.package_identification:_identify(src/intel_realsense) by extension 'colcon_pkg'
[0.600s] Level 1:colcon.colcon_core.package_identification:_identify(src/intel_realsense) by extensions ['colcon_meta']
[0.600s] Level 1:colcon.colcon_core.package_identification:_identify(src/intel_realsense) by extension 'colcon_meta'
[0.600s] Level 1:colcon.colcon_core.package_identification:_identify(src/intel_realsense) by extensions ['ros']
[0.600s] Level 1:colcon.colcon_core.package_identification:_identify(src/intel_realsense) by extension 'ros'
[0.606s] DEBUG:colcon.colcon_core.package_identification:Package 'src/intel_realsense' with type 'ros.ament_python' and name 'intel_realsense'
[0.606s] Level 1:colcon.colcon_core.package_identification:_identify(src/map) by extensions ['ignore', 'ignore_ament_install']
[0.606s] Level 1:colcon.colcon_core.package_identification:_identify(src/map) by extension 'ignore'
[0.606s] Level 1:colcon.colcon_core.package_identification:_identify(src/map) by extension 'ignore_ament_install'
[0.607s] Level 1:colcon.colcon_core.package_identification:_identify(src/map) by extensions ['colcon_pkg']
[0.607s] Level 1:colcon.colcon_core.package_identification:_identify(src/map) by extension 'colcon_pkg'
[0.607s] Level 1:colcon.colcon_core.package_identification:_identify(src/map) by extensions ['colcon_meta']
[0.607s] Level 1:colcon.colcon_core.package_identification:_identify(src/map) by extension 'colcon_meta'
[0.607s] Level 1:colcon.colcon_core.package_identification:_identify(src/map) by extensions ['ros']
[0.607s] Level 1:colcon.colcon_core.package_identification:_identify(src/map) by extension 'ros'
[0.609s] DEBUG:colcon.colcon_core.package_identification:Package 'src/map' with type 'ros.ament_python' and name 'map'
[0.609s] Level 1:colcon.colcon_core.package_identification:_identify(src/move_test) by extensions ['ignore', 'ignore_ament_install']
[0.609s] Level 1:colcon.colcon_core.package_identification:_identify(src/move_test) by extension 'ignore'
[0.609s] Level 1:colcon.colcon_core.package_identification:_identify(src/move_test) by extension 'ignore_ament_install'
[0.609s] Level 1:colcon.colcon_core.package_identification:_identify(src/move_test) by extensions ['colcon_pkg']
[0.609s] Level 1:colcon.colcon_core.package_identification:_identify(src/move_test) by extension 'colcon_pkg'
[0.610s] Level 1:colcon.colcon_core.package_identification:_identify(src/move_test) by extensions ['colcon_meta']
[0.610s] Level 1:colcon.colcon_core.package_identification:_identify(src/move_test) by extension 'colcon_meta'
[0.610s] Level 1:colcon.colcon_core.package_identification:_identify(src/move_test) by extensions ['ros']
[0.610s] Level 1:colcon.colcon_core.package_identification:_identify(src/move_test) by extension 'ros'
[0.612s] DEBUG:colcon.colcon_core.package_identification:Package 'src/move_test' with type 'ros.ament_python' and name 'move_test'
[0.612s] Level 1:colcon.colcon_core.package_identification:_identify(src/qr_reader) by extensions ['ignore', 'ignore_ament_install']
[0.612s] Level 1:colcon.colcon_core.package_identification:_identify(src/qr_reader) by extension 'ignore'
[0.612s] Level 1:colcon.colcon_core.package_identification:_identify(src/qr_reader) by extension 'ignore_ament_install'
[0.612s] Level 1:colcon.colcon_core.package_identification:_identify(src/qr_reader) by extensions ['colcon_pkg']
[0.612s] Level 1:colcon.colcon_core.package_identification:_identify(src/qr_reader) by extension 'colcon_pkg'
[0.613s] Level 1:colcon.colcon_core.package_identification:_identify(src/qr_reader) by extensions ['colcon_meta']
[0.613s] Level 1:colcon.colcon_core.package_identification:_identify(src/qr_reader) by extension 'colcon_meta'
[0.613s] Level 1:colcon.colcon_core.package_identification:_identify(src/qr_reader) by extensions ['ros']
[0.613s] Level 1:colcon.colcon_core.package_identification:_identify(src/qr_reader) by extension 'ros'
[0.615s] DEBUG:colcon.colcon_core.package_identification:Package 'src/qr_reader' with type 'ros.ament_python' and name 'qr_reader'
[0.615s] Level 1:colcon.colcon_core.package_identification:_identify(src/range_sensors) by extensions ['ignore', 'ignore_ament_install']
[0.615s] Level 1:colcon.colcon_core.package_identification:_identify(src/range_sensors) by extension 'ignore'
[0.615s] Level 1:colcon.colcon_core.package_identification:_identify(src/range_sensors) by extension 'ignore_ament_install'
[0.615s] Level 1:colcon.colcon_core.package_identification:_identify(src/range_sensors) by extensions ['colcon_pkg']
[0.615s] Level 1:colcon.colcon_core.package_identification:_identify(src/range_sensors) by extension 'colcon_pkg'
[0.616s] Level 1:colcon.colcon_core.package_identification:_identify(src/range_sensors) by extensions ['colcon_meta']
[0.616s] Level 1:colcon.colcon_core.package_identification:_identify(src/range_sensors) by extension 'colcon_meta'
[0.616s] Level 1:colcon.colcon_core.package_identification:_identify(src/range_sensors) by extensions ['ros']
[0.616s] Level 1:colcon.colcon_core.package_identification:_identify(src/range_sensors) by extension 'ros'
[0.617s] DEBUG:colcon.colcon_core.package_identification:Package 'src/range_sensors' with type 'ros.ament_python' and name 'range_sensors'
[0.617s] Level 1:colcon.colcon_core.package_identification:_identify(src/visualization) by extensions ['ignore', 'ignore_ament_install']
[0.617s] Level 1:colcon.colcon_core.package_identification:_identify(src/visualization) by extension 'ignore'
[0.617s] Level 1:colcon.colcon_core.package_identification:_identify(src/visualization) by extension 'ignore_ament_install'
[0.618s] Level 1:colcon.colcon_core.package_identification:_identify(src/visualization) by extensions ['colcon_pkg']
[0.618s] Level 1:colcon.colcon_core.package_identification:_identify(src/visualization) by extension 'colcon_pkg'
[0.618s] Level 1:colcon.colcon_core.package_identification:_identify(src/visualization) by extensions ['colcon_meta']
[0.618s] Level 1:colcon.colcon_core.package_identification:_identify(src/visualization) by extension 'colcon_meta'
[0.618s] Level 1:colcon.colcon_core.package_identification:_identify(src/visualization) by extensions ['ros']
[0.618s] Level 1:colcon.colcon_core.package_identification:_identify(src/visualization) by extension 'ros'
[0.619s] DEBUG:colcon.colcon_core.package_identification:Package 'src/visualization' with type 'ros.ament_cmake' and name 'visualization'
[0.619s] Level 1:colcon.colcon_core.package_discovery:discover_packages(recursive) using defaults
[0.620s] Level 1:colcon.colcon_core.package_discovery:discover_packages(ignore) discover
[0.620s] Level 1:colcon.colcon_core.package_discovery:discover_packages(ignore) using defaults
[0.620s] Level 1:colcon.colcon_core.package_discovery:discover_packages(path) discover
[0.620s] Level 1:colcon.colcon_core.package_discovery:discover_packages(path) using defaults
[0.632s] Level 5:colcon.colcon_core.verb:set package 'intel_realsense' build argument 'cmake_args' from command line to 'None'
[0.632s] Level 5:colcon.colcon_core.verb:set package 'intel_realsense' build argument 'cmake_target' from command line to 'None'
[0.632s] Level 5:colcon.colcon_core.verb:set package 'intel_realsense' build argument 'cmake_target_skip_unavailable' from command line to 'False'
[0.632s] Level 5:colcon.colcon_core.verb:set package 'intel_realsense' build argument 'cmake_clean_cache' from command line to 'False'
[0.632s] Level 5:colcon.colcon_core.verb:set package 'intel_realsense' build argument 'cmake_clean_first' from command line to 'False'
[0.632s] Level 5:colcon.colcon_core.verb:set package 'intel_realsense' build argument 'cmake_force_configure' from command line to 'False'
[0.632s] Level 5:colcon.colcon_core.verb:set package 'intel_realsense' build argument 'ament_cmake_args' from command line to 'None'
[0.632s] Level 5:colcon.colcon_core.verb:set package 'intel_realsense' build argument 'catkin_cmake_args' from command line to 'None'
[0.632s] Level 5:colcon.colcon_core.verb:set package 'intel_realsense' build argument 'catkin_skip_building_tests' from command line to 'False'
[0.632s] DEBUG:colcon.colcon_core.verb:Building package 'intel_realsense' with the following arguments: {'ament_cmake_args': None, 'build_base': '/home/krissso/master_ws/build/intel_realsense', 'catkin_cmake_args': None, 'catkin_skip_building_tests': False, 'cmake_args': None, 'cmake_clean_cache': False, 'cmake_clean_first': False, 'cmake_force_configure': False, 'cmake_target': None, 'cmake_target_skip_unavailable': False, 'install_base': '/home/krissso/master_ws/install/intel_realsense', 'merge_install': False, 'path': '/home/krissso/master_ws/src/intel_realsense', 'symlink_install': True, 'test_result_base': None}
[0.638s] Level 5:colcon.colcon_core.verb:set package 'map' build argument 'cmake_args' from command line to 'None'
[0.638s] Level 5:colcon.colcon_core.verb:set package 'map' build argument 'cmake_target' from command line to 'None'
[0.638s] Level 5:colcon.colcon_core.verb:set package 'map' build argument 'cmake_target_skip_unavailable' from command line to 'False'
[0.638s] Level 5:colcon.colcon_core.verb:set package 'map' build argument 'cmake_clean_cache' from command line to 'False'
[0.638s] Level 5:colcon.colcon_core.verb:set package 'map' build argument 'cmake_clean_first' from command line to 'False'
[0.638s] Level 5:colcon.colcon_core.verb:set package 'map' build argument 'cmake_force_configure' from command line to 'False'
[0.638s] Level 5:colcon.colcon_core.verb:set package 'map' build argument 'ament_cmake_args' from command line to 'None'
[0.638s] Level 5:colcon.colcon_core.verb:set package 'map' build argument 'catkin_cmake_args' from command line to 'None'
[0.638s] Level 5:colcon.colcon_core.verb:set package 'map' build argument 'catkin_skip_building_tests' from command line to 'False'
[0.638s] DEBUG:colcon.colcon_core.verb:Building package 'map' with the following arguments: {'ament_cmake_args': None, 'build_base': '/home/krissso/master_ws/build/map', 'catkin_cmake_args': None, 'catkin_skip_building_tests': False, 'cmake_args': None, 'cmake_clean_cache': False, 'cmake_clean_first': False, 'cmake_force_configure': False, 'cmake_target': None, 'cmake_target_skip_unavailable': False, 'install_base': '/home/krissso/master_ws/install/map', 'merge_install': False, 'path': '/home/krissso/master_ws/src/map', 'symlink_install': True, 'test_result_base': None}
[0.644s] Level 5:colcon.colcon_core.verb:set package 'move_test' build argument 'cmake_args' from command line to 'None'
[0.644s] Level 5:colcon.colcon_core.verb:set package 'move_test' build argument 'cmake_target' from command line to 'None'
[0.644s] Level 5:colcon.colcon_core.verb:set package 'move_test' build argument 'cmake_target_skip_unavailable' from command line to 'False'
[0.644s] Level 5:colcon.colcon_core.verb:set package 'move_test' build argument 'cmake_clean_cache' from command line to 'False'
[0.644s] Level 5:colcon.colcon_core.verb:set package 'move_test' build argument 'cmake_clean_first' from command line to 'False'
[0.644s] Level 5:colcon.colcon_core.verb:set package 'move_test' build argument 'cmake_force_configure' from command line to 'False'
[0.644s] Level 5:colcon.colcon_core.verb:set package 'move_test' build argument 'ament_cmake_args' from command line to 'None'
[0.644s] Level 5:colcon.colcon_core.verb:set package 'move_test' build argument 'catkin_cmake_args' from command line to 'None'
[0.644s] Level 5:colcon.colcon_core.verb:set package 'move_test' build argument 'catkin_skip_building_tests' from command line to 'False'
[0.644s] DEBUG:colcon.colcon_core.verb:Building package 'move_test' with the following arguments: {'ament_cmake_args': None, 'build_base': '/home/krissso/master_ws/build/move_test', 'catkin_cmake_args': None, 'catkin_skip_building_tests': False, 'cmake_args': None, 'cmake_clean_cache': False, 'cmake_clean_first': False, 'cmake_force_configure': False, 'cmake_target': None, 'cmake_target_skip_unavailable': False, 'install_base': '/home/krissso/master_ws/install/move_test', 'merge_install': False, 'path': '/home/krissso/master_ws/src/move_test', 'symlink_install': True, 'test_result_base': None}
[0.649s] Level 5:colcon.colcon_core.verb:set package 'qr_reader' build argument 'cmake_args' from command line to 'None'
[0.649s] Level 5:colcon.colcon_core.verb:set package 'qr_reader' build argument 'cmake_target' from command line to 'None'
[0.650s] Level 5:colcon.colcon_core.verb:set package 'qr_reader' build argument 'cmake_target_skip_unavailable' from command line to 'False'
[0.650s] Level 5:colcon.colcon_core.verb:set package 'qr_reader' build argument 'cmake_clean_cache' from command line to 'False'
[0.650s] Level 5:colcon.colcon_core.verb:set package 'qr_reader' build argument 'cmake_clean_first' from command line to 'False'
[0.650s] Level 5:colcon.colcon_core.verb:set package 'qr_reader' build argument 'cmake_force_configure' from command line to 'False'
[0.650s] Level 5:colcon.colcon_core.verb:set package 'qr_reader' build argument 'ament_cmake_args' from command line to 'None'
[0.650s] Level 5:colcon.colcon_core.verb:set package 'qr_reader' build argument 'catkin_cmake_args' from command line to 'None'
[0.650s] Level 5:colcon.colcon_core.verb:set package 'qr_reader' build argument 'catkin_skip_building_tests' from command line to 'False'
[0.650s] DEBUG:colcon.colcon_core.verb:Building package 'qr_reader' with the following arguments: {'ament_cmake_args': None, 'build_base': '/home/krissso/master_ws/build/qr_reader', 'catkin_cmake_args': None, 'catkin_skip_building_tests': False, 'cmake_args': None, 'cmake_clean_cache': False, 'cmake_clean_first': False, 'cmake_force_configure': False, 'cmake_target': None, 'cmake_target_skip_unavailable': False, 'install_base': '/home/krissso/master_ws/install/qr_reader', 'merge_install': False, 'path': '/home/krissso/master_ws/src/qr_reader', 'symlink_install': True, 'test_result_base': None}
[0.656s] Level 5:colcon.colcon_core.verb:set package 'range_sensors' build argument 'cmake_args' from command line to 'None'
[0.656s] Level 5:colcon.colcon_core.verb:set package 'range_sensors' build argument 'cmake_target' from command line to 'None'
[0.656s] Level 5:colcon.colcon_core.verb:set package 'range_sensors' build argument 'cmake_target_skip_unavailable' from command line to 'False'
[0.656s] Level 5:colcon.colcon_core.verb:set package 'range_sensors' build argument 'cmake_clean_cache' from command line to 'False'
[0.656s] Level 5:colcon.colcon_core.verb:set package 'range_sensors' build argument 'cmake_clean_first' from command line to 'False'
[0.656s] Level 5:colcon.colcon_core.verb:set package 'range_sensors' build argument 'cmake_force_configure' from command line to 'False'
[0.656s] Level 5:colcon.colcon_core.verb:set package 'range_sensors' build argument 'ament_cmake_args' from command line to 'None'
[0.656s] Level 5:colcon.colcon_core.verb:set package 'range_sensors' build argument 'catkin_cmake_args' from command line to 'None'
[0.656s] Level 5:colcon.colcon_core.verb:set package 'range_sensors' build argument 'catkin_skip_building_tests' from command line to 'False'
[0.656s] DEBUG:colcon.colcon_core.verb:Building package 'range_sensors' with the following arguments: {'ament_cmake_args': None, 'build_base': '/home/krissso/master_ws/build/range_sensors', 'catkin_cmake_args': None, 'catkin_skip_building_tests': False, 'cmake_args': None, 'cmake_clean_cache': False, 'cmake_clean_first': False, 'cmake_force_configure': False, 'cmake_target': None, 'cmake_target_skip_unavailable': False, 'install_base': '/home/krissso/master_ws/install/range_sensors', 'merge_install': False, 'path': '/home/krissso/master_ws/src/range_sensors', 'symlink_install': True, 'test_result_base': None}
[0.662s] Level 5:colcon.colcon_core.verb:set package 'visualization' build argument 'cmake_args' from command line to 'None'
[0.662s] Level 5:colcon.colcon_core.verb:set package 'visualization' build argument 'cmake_target' from command line to 'None'
[0.662s] Level 5:colcon.colcon_core.verb:set package 'visualization' build argument 'cmake_target_skip_unavailable' from command line to 'False'
[0.662s] Level 5:colcon.colcon_core.verb:set package 'visualization' build argument 'cmake_clean_cache' from command line to 'False'
[0.662s] Level 5:colcon.colcon_core.verb:set package 'visualization' build argument 'cmake_clean_first' from command line to 'False'
[0.662s] Level 5:colcon.colcon_core.verb:set package 'visualization' build argument 'cmake_force_configure' from command line to 'False'
[0.662s] Level 5:colcon.colcon_core.verb:set package 'visualization' build argument 'ament_cmake_args' from command line to 'None'
[0.662s] Level 5:colcon.colcon_core.verb:set package 'visualization' build argument 'catkin_cmake_args' from command line to 'None'
[0.662s] Level 5:colcon.colcon_core.verb:set package 'visualization' build argument 'catkin_skip_building_tests' from command line to 'False'
[0.662s] DEBUG:colcon.colcon_core.verb:Building package 'visualization' with the following arguments: {'ament_cmake_args': None, 'build_base': '/home/krissso/master_ws/build/visualization', 'catkin_cmake_args': None, 'catkin_skip_building_tests': False, 'cmake_args': None, 'cmake_clean_cache': False, 'cmake_clean_first': False, 'cmake_force_configure': False, 'cmake_target': None, 'cmake_target_skip_unavailable': False, 'install_base': '/home/krissso/master_ws/install/visualization', 'merge_install': False, 'path': '/home/krissso/master_ws/src/visualization', 'symlink_install': True, 'test_result_base': None}
[0.663s] INFO:colcon.colcon_core.executor:Executing jobs using 'parallel' executor
[0.666s] DEBUG:colcon.colcon_parallel_executor.executor.parallel:run_until_complete
[0.666s] INFO:colcon.colcon_ros.task.ament_python.build:Building ROS package in '/home/krissso/master_ws/src/intel_realsense' with build type 'ament_python'
[0.666s] Level 1:colcon.colcon_core.shell:create_environment_hook('intel_realsense', 'ament_prefix_path')
[0.681s] INFO:colcon.colcon_core.plugin_system:Skipping extension 'colcon_core.shell.bat': Not used on non-Windows systems
[0.682s] INFO:colcon.colcon_core.shell:Creating environment hook '/home/krissso/master_ws/install/intel_realsense/share/intel_realsense/hook/ament_prefix_path.ps1'
[0.684s] INFO:colcon.colcon_core.shell:Creating environment descriptor '/home/krissso/master_ws/install/intel_realsense/share/intel_realsense/hook/ament_prefix_path.dsv'
[0.685s] INFO:colcon.colcon_core.shell:Creating environment hook '/home/krissso/master_ws/install/intel_realsense/share/intel_realsense/hook/ament_prefix_path.sh'
[0.688s] INFO:colcon.colcon_core.shell:Skip shell extension 'powershell' for command environment: Not usable outside of PowerShell
[0.688s] DEBUG:colcon.colcon_core.shell:Skip shell extension 'dsv' for command environment
[0.700s] DEBUG:colcon.colcon_core.shell:Ignoring prefix path '/opt/ros/eloquent'
[1.078s] INFO:colcon.colcon_core.task.python.build:Building Python package in '/home/krissso/master_ws/src/intel_realsense'
[1.079s] INFO:colcon.colcon_core.shell:Skip shell extension 'powershell' for command environment: Not usable outside of PowerShell
[1.080s] DEBUG:colcon.colcon_core.shell:Skip shell extension 'dsv' for command environment
[1.083s] DEBUG:colcon.colcon_core.shell:Ignoring prefix path '/opt/ros/eloquent'
[1.092s] DEBUG:colcon.colcon_core.event_handler.log_command:Invoking command in '/home/krissso/master_ws/build/intel_realsense': PYTHONPATH=/home/krissso/master_ws/install/intel_realsense/lib/python3.6/site-packages:${PYTHONPATH} /usr/bin/python3 setup.py develop --prefix /home/krissso/master_ws/install/intel_realsense --editable --build-directory /home/krissso/master_ws/build/intel_realsense/build --no-deps install_data --install-dir /home/krissso/master_ws/install/intel_realsense
[1.808s] Level 1:colcon.colcon_core.shell:create_environment_hook('intel_realsense', 'pythonpath_develop')
[1.810s] INFO:colcon.colcon_core.shell:Creating environment hook '/home/krissso/master_ws/build/intel_realsense/share/intel_realsense/hook/pythonpath_develop.ps1'
[1.811s] DEBUG:colcon.colcon_core.event_handler.log_command:Invoked command in '/home/krissso/master_ws/build/intel_realsense' returned '0': PYTHONPATH=/home/krissso/master_ws/install/intel_realsense/lib/python3.6/site-packages:${PYTHONPATH} /usr/bin/python3 setup.py develop --prefix /home/krissso/master_ws/install/intel_realsense --editable --build-directory /home/krissso/master_ws/build/intel_realsense/build --no-deps install_data --install-dir /home/krissso/master_ws/install/intel_realsense
[1.812s] INFO:colcon.colcon_core.shell:Creating environment descriptor '/home/krissso/master_ws/build/intel_realsense/share/intel_realsense/hook/pythonpath_develop.dsv'
[1.812s] INFO:colcon.colcon_core.shell:Creating environment hook '/home/krissso/master_ws/build/intel_realsense/share/intel_realsense/hook/pythonpath_develop.sh'
[1.840s] Level 1:colcon.colcon_core.environment:checking '/home/krissso/master_ws/install/intel_realsense' for CMake module files
[1.841s] Level 1:colcon.colcon_core.environment:checking '/home/krissso/master_ws/install/intel_realsense' for CMake config files
[1.842s] Level 1:colcon.colcon_core.environment:checking '/home/krissso/master_ws/install/intel_realsense/lib'
[1.843s] Level 1:colcon.colcon_core.environment:checking '/home/krissso/master_ws/install/intel_realsense/bin'
[1.843s] Level 1:colcon.colcon_core.environment:checking '/home/krissso/master_ws/install/intel_realsense/lib/pkgconfig/intel_realsense.pc'
[1.843s] Level 1:colcon.colcon_core.environment:checking '/home/krissso/master_ws/install/intel_realsense/lib/python3.6/site-packages'
[1.843s] Level 1:colcon.colcon_core.shell:create_environment_hook('intel_realsense', 'pythonpath')
[1.844s] INFO:colcon.colcon_core.shell:Creating environment hook '/home/krissso/master_ws/install/intel_realsense/share/intel_realsense/hook/pythonpath.ps1'
[1.845s] INFO:colcon.colcon_core.shell:Creating environment descriptor '/home/krissso/master_ws/install/intel_realsense/share/intel_realsense/hook/pythonpath.dsv'
[1.845s] INFO:colcon.colcon_core.shell:Creating environment hook '/home/krissso/master_ws/install/intel_realsense/share/intel_realsense/hook/pythonpath.sh'
[1.846s] Level 1:colcon.colcon_core.environment:create_environment_scripts_only(intel_realsense)
[1.847s] INFO:colcon.colcon_core.shell:Creating package script '/home/krissso/master_ws/install/intel_realsense/share/intel_realsense/package.ps1'
[1.849s] INFO:colcon.colcon_core.shell:Creating package descriptor '/home/krissso/master_ws/install/intel_realsense/share/intel_realsense/package.dsv'
[1.851s] INFO:colcon.colcon_core.shell:Creating package script '/home/krissso/master_ws/install/intel_realsense/share/intel_realsense/package.sh'
[1.853s] INFO:colcon.colcon_core.shell:Creating package script '/home/krissso/master_ws/install/intel_realsense/share/intel_realsense/package.bash'
[1.855s] INFO:colcon.colcon_core.shell:Creating package script '/home/krissso/master_ws/install/intel_realsense/share/intel_realsense/package.zsh'
[1.857s] Level 1:colcon.colcon_core.environment:create_file_with_runtime_dependencies(/home/krissso/master_ws/install/intel_realsense/share/colcon-core/packages/intel_realsense)
[1.859s] INFO:colcon.colcon_ros.task.ament_python.build:Building ROS package in '/home/krissso/master_ws/src/map' with build type 'ament_python'
[1.859s] Level 1:colcon.colcon_core.shell:create_environment_hook('map', 'ament_prefix_path')
[1.860s] INFO:colcon.colcon_core.shell:Creating environment hook '/home/krissso/master_ws/install/map/share/map/hook/ament_prefix_path.ps1'
[1.861s] INFO:colcon.colcon_core.shell:Creating environment descriptor '/home/krissso/master_ws/install/map/share/map/hook/ament_prefix_path.dsv'
[1.861s] INFO:colcon.colcon_core.shell:Creating environment hook '/home/krissso/master_ws/install/map/share/map/hook/ament_prefix_path.sh'
[1.863s] INFO:colcon.colcon_core.shell:Skip shell extension 'powershell' for command environment: Not usable outside of PowerShell
[1.863s] DEBUG:colcon.colcon_core.shell:Skip shell extension 'dsv' for command environment
[1.866s] DEBUG:colcon.colcon_core.shell:Ignoring prefix path '/opt/ros/eloquent'
[2.268s] INFO:colcon.colcon_core.task.python.build:Building Python package in '/home/krissso/master_ws/src/map'
[2.270s] INFO:colcon.colcon_core.shell:Skip shell extension 'powershell' for command environment: Not usable outside of PowerShell
[2.270s] DEBUG:colcon.colcon_core.shell:Skip shell extension 'dsv' for command environment
[2.273s] DEBUG:colcon.colcon_core.shell:Ignoring prefix path '/opt/ros/eloquent'
[2.284s] DEBUG:colcon.colcon_core.event_handler.log_command:Invoking command in '/home/krissso/master_ws/build/map': PYTHONPATH=/home/krissso/master_ws/install/map/lib/python3.6/site-packages:${PYTHONPATH} /usr/bin/python3 setup.py develop --prefix /home/krissso/master_ws/install/map --editable --build-directory /home/krissso/master_ws/build/map/build --no-deps install_data --install-dir /home/krissso/master_ws/install/map
[2.966s] Level 1:colcon.colcon_core.shell:create_environment_hook('map', 'pythonpath_develop')
[2.968s] INFO:colcon.colcon_core.shell:Creating environment hook '/home/krissso/master_ws/build/map/share/map/hook/pythonpath_develop.ps1'
[2.969s] INFO:colcon.colcon_core.shell:Creating environment descriptor '/home/krissso/master_ws/build/map/share/map/hook/pythonpath_develop.dsv'
[2.969s] INFO:colcon.colcon_core.shell:Creating environment hook '/home/krissso/master_ws/build/map/share/map/hook/pythonpath_develop.sh'
[2.971s] Level 1:colcon.colcon_core.environment:checking '/home/krissso/master_ws/install/map' for CMake module files
[2.972s] DEBUG:colcon.colcon_core.event_handler.log_command:Invoked command in '/home/krissso/master_ws/build/map' returned '0': PYTHONPATH=/home/krissso/master_ws/install/map/lib/python3.6/site-packages:${PYTHONPATH} /usr/bin/python3 setup.py develop --prefix /home/krissso/master_ws/install/map --editable --build-directory /home/krissso/master_ws/build/map/build --no-deps install_data --install-dir /home/krissso/master_ws/install/map
[2.973s] Level 1:colcon.colcon_core.environment:checking '/home/krissso/master_ws/install/map' for CMake config files
[2.974s] Level 1:colcon.colcon_core.environment:checking '/home/krissso/master_ws/install/map/lib'
[2.974s] Level 1:colcon.colcon_core.environment:checking '/home/krissso/master_ws/install/map/bin'
[2.974s] Level 1:colcon.colcon_core.environment:checking '/home/krissso/master_ws/install/map/lib/pkgconfig/map.pc'
[2.974s] Level 1:colcon.colcon_core.environment:checking '/home/krissso/master_ws/install/map/lib/python3.6/site-packages'
[2.974s] Level 1:colcon.colcon_core.shell:create_environment_hook('map', 'pythonpath')
[2.975s] INFO:colcon.colcon_core.shell:Creating environment hook '/home/krissso/master_ws/install/map/share/map/hook/pythonpath.ps1'
[2.976s] INFO:colcon.colcon_core.shell:Creating environment descriptor '/home/krissso/master_ws/install/map/share/map/hook/pythonpath.dsv'
[2.977s] INFO:colcon.colcon_core.shell:Creating environment hook '/home/krissso/master_ws/install/map/share/map/hook/pythonpath.sh'
[2.977s] Level 1:colcon.colcon_core.environment:create_environment_scripts_only(map)
[2.978s] INFO:colcon.colcon_core.shell:Creating package script '/home/krissso/master_ws/install/map/share/map/package.ps1'
[2.979s] INFO:colcon.colcon_core.shell:Creating package descriptor '/home/krissso/master_ws/install/map/share/map/package.dsv'
[2.980s] INFO:colcon.colcon_core.shell:Creating package script '/home/krissso/master_ws/install/map/share/map/package.sh'
[2.981s] INFO:colcon.colcon_core.shell:Creating package script '/home/krissso/master_ws/install/map/share/map/package.bash'
[2.982s] INFO:colcon.colcon_core.shell:Creating package script '/home/krissso/master_ws/install/map/share/map/package.zsh'
[2.982s] Level 1:colcon.colcon_core.environment:create_file_with_runtime_dependencies(/home/krissso/master_ws/install/map/share/colcon-core/packages/map)
[2.983s] INFO:colcon.colcon_ros.task.ament_python.build:Building ROS package in '/home/krissso/master_ws/src/move_test' with build type 'ament_python'
[2.983s] Level 1:colcon.colcon_core.shell:create_environment_hook('move_test', 'ament_prefix_path')
[2.984s] INFO:colcon.colcon_core.shell:Creating environment hook '/home/krissso/master_ws/install/move_test/share/move_test/hook/ament_prefix_path.ps1'
[2.985s] INFO:colcon.colcon_core.shell:Creating environment descriptor '/home/krissso/master_ws/install/move_test/share/move_test/hook/ament_prefix_path.dsv'
[2.986s] INFO:colcon.colcon_core.shell:Creating environment hook '/home/krissso/master_ws/install/move_test/share/move_test/hook/ament_prefix_path.sh'
[2.987s] INFO:colcon.colcon_core.shell:Skip shell extension 'powershell' for command environment: Not usable outside of PowerShell
[2.987s] DEBUG:colcon.colcon_core.shell:Skip shell extension 'dsv' for command environment
[2.993s] DEBUG:colcon.colcon_core.shell:Ignoring prefix path '/opt/ros/eloquent'
[3.400s] INFO:colcon.colcon_core.task.python.build:Building Python package in '/home/krissso/master_ws/src/move_test'
[3.401s] INFO:colcon.colcon_core.shell:Skip shell extension 'powershell' for command environment: Not usable outside of PowerShell
[3.401s] DEBUG:colcon.colcon_core.shell:Skip shell extension 'dsv' for command environment
[3.404s] DEBUG:colcon.colcon_core.shell:Ignoring prefix path '/opt/ros/eloquent'
[3.419s] DEBUG:colcon.colcon_core.event_handler.log_command:Invoking command in '/home/krissso/master_ws/build/move_test': PYTHONPATH=/home/krissso/master_ws/install/move_test/lib/python3.6/site-packages:${PYTHONPATH} /usr/bin/python3 setup.py develop --prefix /home/krissso/master_ws/install/move_test --editable --build-directory /home/krissso/master_ws/build/move_test/build --no-deps install_data --install-dir /home/krissso/master_ws/install/move_test
[4.116s] Level 1:colcon.colcon_core.shell:create_environment_hook('move_test', 'pythonpath_develop')
[4.117s] INFO:colcon.colcon_core.shell:Creating environment hook '/home/krissso/master_ws/build/move_test/share/move_test/hook/pythonpath_develop.ps1'
[4.118s] INFO:colcon.colcon_core.shell:Creating environment descriptor '/home/krissso/master_ws/build/move_test/share/move_test/hook/pythonpath_develop.dsv'
[4.119s] INFO:colcon.colcon_core.shell:Creating environment hook '/home/krissso/master_ws/build/move_test/share/move_test/hook/pythonpath_develop.sh'
[4.119s] DEBUG:colcon.colcon_core.event_handler.log_command:Invoked command in '/home/krissso/master_ws/build/move_test' returned '0': PYTHONPATH=/home/krissso/master_ws/install/move_test/lib/python3.6/site-packages:${PYTHONPATH} /usr/bin/python3 setup.py develop --prefix /home/krissso/master_ws/install/move_test --editable --build-directory /home/krissso/master_ws/build/move_test/build --no-deps install_data --install-dir /home/krissso/master_ws/install/move_test
[4.121s] Level 1:colcon.colcon_core.environment:checking '/home/krissso/master_ws/install/move_test' for CMake module files
[4.122s] Level 1:colcon.colcon_core.environment:checking '/home/krissso/master_ws/install/move_test' for CMake config files
[4.123s] Level 1:colcon.colcon_core.environment:checking '/home/krissso/master_ws/install/move_test/lib'
[4.123s] Level 1:colcon.colcon_core.environment:checking '/home/krissso/master_ws/install/move_test/bin'
[4.123s] Level 1:colcon.colcon_core.environment:checking '/home/krissso/master_ws/install/move_test/lib/pkgconfig/move_test.pc'
[4.124s] Level 1:colcon.colcon_core.environment:checking '/home/krissso/master_ws/install/move_test/lib/python3.6/site-packages'
[4.124s] Level 1:colcon.colcon_core.shell:create_environment_hook('move_test', 'pythonpath')
[4.125s] INFO:colcon.colcon_core.shell:Creating environment hook '/home/krissso/master_ws/install/move_test/share/move_test/hook/pythonpath.ps1'
[4.125s] INFO:colcon.colcon_core.shell:Creating environment descriptor '/home/krissso/master_ws/install/move_test/share/move_test/hook/pythonpath.dsv'
[4.126s] INFO:colcon.colcon_core.shell:Creating environment hook '/home/krissso/master_ws/install/move_test/share/move_test/hook/pythonpath.sh'
[4.126s] Level 1:colcon.colcon_core.environment:create_environment_scripts_only(move_test)
[4.127s] INFO:colcon.colcon_core.shell:Creating package script '/home/krissso/master_ws/install/move_test/share/move_test/package.ps1'
[4.128s] INFO:colcon.colcon_core.shell:Creating package descriptor '/home/krissso/master_ws/install/move_test/share/move_test/package.dsv'
[4.129s] INFO:colcon.colcon_core.shell:Creating package script '/home/krissso/master_ws/install/move_test/share/move_test/package.sh'
[4.130s] INFO:colcon.colcon_core.shell:Creating package script '/home/krissso/master_ws/install/move_test/share/move_test/package.bash'
[4.130s] INFO:colcon.colcon_core.shell:Creating package script '/home/krissso/master_ws/install/move_test/share/move_test/package.zsh'
[4.131s] Level 1:colcon.colcon_core.environment:create_file_with_runtime_dependencies(/home/krissso/master_ws/install/move_test/share/colcon-core/packages/move_test)
[4.132s] INFO:colcon.colcon_ros.task.ament_python.build:Building ROS package in '/home/krissso/master_ws/src/qr_reader' with build type 'ament_python'
[4.133s] Level 1:colcon.colcon_core.shell:create_environment_hook('qr_reader', 'ament_prefix_path')
[4.134s] INFO:colcon.colcon_core.shell:Creating environment hook '/home/krissso/master_ws/install/qr_reader/share/qr_reader/hook/ament_prefix_path.ps1'
[4.134s] INFO:colcon.colcon_core.shell:Creating environment descriptor '/home/krissso/master_ws/install/qr_reader/share/qr_reader/hook/ament_prefix_path.dsv'
[4.135s] INFO:colcon.colcon_core.shell:Creating environment hook '/home/krissso/master_ws/install/qr_reader/share/qr_reader/hook/ament_prefix_path.sh'
[4.136s] INFO:colcon.colcon_core.shell:Skip shell extension 'powershell' for command environment: Not usable outside of PowerShell
[4.136s] DEBUG:colcon.colcon_core.shell:Skip shell extension 'dsv' for command environment
[4.139s] DEBUG:colcon.colcon_core.shell:Ignoring prefix path '/opt/ros/eloquent'
[4.547s] INFO:colcon.colcon_core.task.python.build:Building Python package in '/home/krissso/master_ws/src/qr_reader'
[4.548s] INFO:colcon.colcon_core.shell:Skip shell extension 'powershell' for command environment: Not usable outside of PowerShell
[4.548s] DEBUG:colcon.colcon_core.shell:Skip shell extension 'dsv' for command environment
[4.551s] DEBUG:colcon.colcon_core.shell:Ignoring prefix path '/opt/ros/eloquent'
[4.563s] DEBUG:colcon.colcon_core.event_handler.log_command:Invoking command in '/home/krissso/master_ws/build/qr_reader': PYTHONPATH=/home/krissso/master_ws/install/qr_reader/lib/python3.6/site-packages:${PYTHONPATH} /usr/bin/python3 setup.py develop --prefix /home/krissso/master_ws/install/qr_reader --editable --build-directory /home/krissso/master_ws/build/qr_reader/build --no-deps install_data --install-dir /home/krissso/master_ws/install/qr_reader
[5.250s] Level 1:colcon.colcon_core.shell:create_environment_hook('qr_reader', 'pythonpath_develop')
[5.251s] INFO:colcon.colcon_core.shell:Creating environment hook '/home/krissso/master_ws/build/qr_reader/share/qr_reader/hook/pythonpath_develop.ps1'
[5.252s] DEBUG:colcon.colcon_core.event_handler.log_command:Invoked command in '/home/krissso/master_ws/build/qr_reader' returned '0': PYTHONPATH=/home/krissso/master_ws/install/qr_reader/lib/python3.6/site-packages:${PYTHONPATH} /usr/bin/python3 setup.py develop --prefix /home/krissso/master_ws/install/qr_reader --editable --build-directory /home/krissso/master_ws/build/qr_reader/build --no-deps install_data --install-dir /home/krissso/master_ws/install/qr_reader
[5.253s] INFO:colcon.colcon_core.shell:Creating environment descriptor '/home/krissso/master_ws/build/qr_reader/share/qr_reader/hook/pythonpath_develop.dsv'
[5.253s] INFO:colcon.colcon_core.shell:Creating environment hook '/home/krissso/master_ws/build/qr_reader/share/qr_reader/hook/pythonpath_develop.sh'
[5.255s] Level 1:colcon.colcon_core.environment:checking '/home/krissso/master_ws/install/qr_reader' for CMake module files
[5.256s] Level 1:colcon.colcon_core.environment:checking '/home/krissso/master_ws/install/qr_reader' for CMake config files
[5.257s] Level 1:colcon.colcon_core.environment:checking '/home/krissso/master_ws/install/qr_reader/lib'
[5.257s] Level 1:colcon.colcon_core.environment:checking '/home/krissso/master_ws/install/qr_reader/bin'
[5.257s] Level 1:colcon.colcon_core.environment:checking '/home/krissso/master_ws/install/qr_reader/lib/pkgconfig/qr_reader.pc'
[5.258s] Level 1:colcon.colcon_core.environment:checking '/home/krissso/master_ws/install/qr_reader/lib/python3.6/site-packages'
[5.258s] Level 1:colcon.colcon_core.shell:create_environment_hook('qr_reader', 'pythonpath')
[5.259s] INFO:colcon.colcon_core.shell:Creating environment hook '/home/krissso/master_ws/install/qr_reader/share/qr_reader/hook/pythonpath.ps1'
[5.259s] INFO:colcon.colcon_core.shell:Creating environment descriptor '/home/krissso/master_ws/install/qr_reader/share/qr_reader/hook/pythonpath.dsv'
[5.260s] INFO:colcon.colcon_core.shell:Creating environment hook '/home/krissso/master_ws/install/qr_reader/share/qr_reader/hook/pythonpath.sh'
[5.261s] Level 1:colcon.colcon_core.environment:create_environment_scripts_only(qr_reader)
[5.262s] INFO:colcon.colcon_core.shell:Creating package script '/home/krissso/master_ws/install/qr_reader/share/qr_reader/package.ps1'
[5.263s] INFO:colcon.colcon_core.shell:Creating package descriptor '/home/krissso/master_ws/install/qr_reader/share/qr_reader/package.dsv'
[5.263s] INFO:colcon.colcon_core.shell:Creating package script '/home/krissso/master_ws/install/qr_reader/share/qr_reader/package.sh'
[5.264s] INFO:colcon.colcon_core.shell:Creating package script '/home/krissso/master_ws/install/qr_reader/share/qr_reader/package.bash'
[5.264s] INFO:colcon.colcon_core.shell:Creating package script '/home/krissso/master_ws/install/qr_reader/share/qr_reader/package.zsh'
[5.265s] Level 1:colcon.colcon_core.environment:create_file_with_runtime_dependencies(/home/krissso/master_ws/install/qr_reader/share/colcon-core/packages/qr_reader)
[5.266s] INFO:colcon.colcon_ros.task.ament_python.build:Building ROS package in '/home/krissso/master_ws/src/range_sensors' with build type 'ament_python'
[5.266s] Level 1:colcon.colcon_core.shell:create_environment_hook('range_sensors', 'ament_prefix_path')
[5.267s] INFO:colcon.colcon_core.shell:Creating environment hook '/home/krissso/master_ws/install/range_sensors/share/range_sensors/hook/ament_prefix_path.ps1'
[5.268s] INFO:colcon.colcon_core.shell:Creating environment descriptor '/home/krissso/master_ws/install/range_sensors/share/range_sensors/hook/ament_prefix_path.dsv'
[5.268s] INFO:colcon.colcon_core.shell:Creating environment hook '/home/krissso/master_ws/install/range_sensors/share/range_sensors/hook/ament_prefix_path.sh'
[5.270s] INFO:colcon.colcon_core.shell:Skip shell extension 'powershell' for command environment: Not usable outside of PowerShell
[5.270s] DEBUG:colcon.colcon_core.shell:Skip shell extension 'dsv' for command environment
[5.273s] DEBUG:colcon.colcon_core.shell:Ignoring prefix path '/opt/ros/eloquent'
[5.666s] INFO:colcon.colcon_core.task.python.build:Building Python package in '/home/krissso/master_ws/src/range_sensors'
[5.667s] INFO:colcon.colcon_core.shell:Skip shell extension 'powershell' for command environment: Not usable outside of PowerShell
[5.667s] DEBUG:colcon.colcon_core.shell:Skip shell extension 'dsv' for command environment
[5.671s] DEBUG:colcon.colcon_core.shell:Ignoring prefix path '/opt/ros/eloquent'
[5.692s] DEBUG:colcon.colcon_core.event_handler.log_command:Invoking command in '/home/krissso/master_ws/build/range_sensors': PYTHONPATH=/home/krissso/master_ws/install/range_sensors/lib/python3.6/site-packages:${PYTHONPATH} /usr/bin/python3 setup.py develop --prefix /home/krissso/master_ws/install/range_sensors --editable --build-directory /home/krissso/master_ws/build/range_sensors/build --no-deps install_data --install-dir /home/krissso/master_ws/install/range_sensors
[6.435s] Level 1:colcon.colcon_core.shell:create_environment_hook('range_sensors', 'pythonpath_develop')
[6.437s] INFO:colcon.colcon_core.shell:Creating environment hook '/home/krissso/master_ws/build/range_sensors/share/range_sensors/hook/pythonpath_develop.ps1'
[6.438s] INFO:colcon.colcon_core.shell:Creating environment descriptor '/home/krissso/master_ws/build/range_sensors/share/range_sensors/hook/pythonpath_develop.dsv'
[6.438s] INFO:colcon.colcon_core.shell:Creating environment hook '/home/krissso/master_ws/build/range_sensors/share/range_sensors/hook/pythonpath_develop.sh'
[6.439s] DEBUG:colcon.colcon_core.event_handler.log_command:Invoked command in '/home/krissso/master_ws/build/range_sensors' returned '0': PYTHONPATH=/home/krissso/master_ws/install/range_sensors/lib/python3.6/site-packages:${PYTHONPATH} /usr/bin/python3 setup.py develop --prefix /home/krissso/master_ws/install/range_sensors --editable --build-directory /home/krissso/master_ws/build/range_sensors/build --no-deps install_data --install-dir /home/krissso/master_ws/install/range_sensors
[6.441s] Level 1:colcon.colcon_core.environment:checking '/home/krissso/master_ws/install/range_sensors' for CMake module files
[6.442s] Level 1:colcon.colcon_core.environment:checking '/home/krissso/master_ws/install/range_sensors' for CMake config files
[6.443s] Level 1:colcon.colcon_core.environment:checking '/home/krissso/master_ws/install/range_sensors/lib'
[6.444s] Level 1:colcon.colcon_core.environment:checking '/home/krissso/master_ws/install/range_sensors/bin'
[6.444s] Level 1:colcon.colcon_core.environment:checking '/home/krissso/master_ws/install/range_sensors/lib/pkgconfig/range_sensors.pc'
[6.444s] Level 1:colcon.colcon_core.environment:checking '/home/krissso/master_ws/install/range_sensors/lib/python3.6/site-packages'
[6.444s] Level 1:colcon.colcon_core.shell:create_environment_hook('range_sensors', 'pythonpath')
[6.445s] INFO:colcon.colcon_core.shell:Creating environment hook '/home/krissso/master_ws/install/range_sensors/share/range_sensors/hook/pythonpath.ps1'
[6.445s] INFO:colcon.colcon_core.shell:Creating environment descriptor '/home/krissso/master_ws/install/range_sensors/share/range_sensors/hook/pythonpath.dsv'
[6.446s] INFO:colcon.colcon_core.shell:Creating environment hook '/home/krissso/master_ws/install/range_sensors/share/range_sensors/hook/pythonpath.sh'
[6.447s] Level 1:colcon.colcon_core.environment:create_environment_scripts_only(range_sensors)
[6.448s] INFO:colcon.colcon_core.shell:Creating package script '/home/krissso/master_ws/install/range_sensors/share/range_sensors/package.ps1'
[6.449s] INFO:colcon.colcon_core.shell:Creating package descriptor '/home/krissso/master_ws/install/range_sensors/share/range_sensors/package.dsv'
[6.450s] INFO:colcon.colcon_core.shell:Creating package script '/home/krissso/master_ws/install/range_sensors/share/range_sensors/package.sh'
[6.451s] INFO:colcon.colcon_core.shell:Creating package script '/home/krissso/master_ws/install/range_sensors/share/range_sensors/package.bash'
[6.451s] INFO:colcon.colcon_core.shell:Creating package script '/home/krissso/master_ws/install/range_sensors/share/range_sensors/package.zsh'
[6.452s] Level 1:colcon.colcon_core.environment:create_file_with_runtime_dependencies(/home/krissso/master_ws/install/range_sensors/share/colcon-core/packages/range_sensors)
[6.453s] INFO:colcon.colcon_ros.task.ament_cmake.build:Building ROS package in '/home/krissso/master_ws/src/visualization' with build type 'ament_cmake'
[6.454s] INFO:colcon.colcon_cmake.task.cmake.build:Building CMake package in '/home/krissso/master_ws/src/visualization'
[6.455s] INFO:colcon.colcon_core.shell:Skip shell extension 'powershell' for command environment: Not usable outside of PowerShell
[6.455s] DEBUG:colcon.colcon_core.shell:Skip shell extension 'dsv' for command environment
[6.458s] DEBUG:colcon.colcon_core.shell:Ignoring prefix path '/opt/ros/eloquent'
[6.484s] DEBUG:colcon.colcon_core.event_handler.log_command:Invoking command in '/home/krissso/master_ws/build/visualization': CMAKE_PREFIX_PATH=/opt/ros/eloquent /usr/bin/cmake --build /home/krissso/master_ws/build/visualization -- -j1 -l1
[6.599s] DEBUG:colcon.colcon_core.event_handler.log_command:Invoked command in '/home/krissso/master_ws/build/visualization' returned '0': CMAKE_PREFIX_PATH=/opt/ros/eloquent /usr/bin/cmake --build /home/krissso/master_ws/build/visualization -- -j1 -l1
[6.645s] DEBUG:colcon.colcon_core.event_handler.log_command:Invoking command in '/home/krissso/master_ws/build/visualization': CMAKE_PREFIX_PATH=/opt/ros/eloquent /usr/bin/cmake --build /home/krissso/master_ws/build/visualization --target install -- -j1 -l1
[6.769s] Level 1:colcon.colcon_core.environment:create_environment_scripts_only(visualization)
[6.771s] Level 1:colcon.colcon_core.environment:checking '/home/krissso/master_ws/install/visualization' for CMake module files
[6.773s] Level 1:colcon.colcon_core.environment:checking '/home/krissso/master_ws/install/visualization' for CMake config files
[6.772s] DEBUG:colcon.colcon_core.event_handler.log_command:Invoked command in '/home/krissso/master_ws/build/visualization' returned '0': CMAKE_PREFIX_PATH=/opt/ros/eloquent /usr/bin/cmake --build /home/krissso/master_ws/build/visualization --target install -- -j1 -l1
[6.775s] Level 1:colcon.colcon_core.shell:create_environment_hook('visualization', 'cmake_prefix_path')
[6.776s] INFO:colcon.colcon_core.shell:Creating environment hook '/home/krissso/master_ws/install/visualization/share/visualization/hook/cmake_prefix_path.ps1'
[6.777s] INFO:colcon.colcon_core.shell:Creating environment descriptor '/home/krissso/master_ws/install/visualization/share/visualization/hook/cmake_prefix_path.dsv'
[6.778s] INFO:colcon.colcon_core.shell:Creating environment hook '/home/krissso/master_ws/install/visualization/share/visualization/hook/cmake_prefix_path.sh'
[6.779s] Level 1:colcon.colcon_core.environment:checking '/home/krissso/master_ws/install/visualization/bin'
[6.779s] Level 1:colcon.colcon_core.environment:checking '/home/krissso/master_ws/install/visualization/lib/pkgconfig/visualization.pc'
[6.779s] Level 1:colcon.colcon_core.environment:checking '/home/krissso/master_ws/install/visualization/lib/python3.6/site-packages'
[6.780s] INFO:colcon.colcon_core.shell:Creating package script '/home/krissso/master_ws/install/visualization/share/visualization/package.ps1'
[6.781s] INFO:colcon.colcon_core.shell:Creating package descriptor '/home/krissso/master_ws/install/visualization/share/visualization/package.dsv'
[6.782s] INFO:colcon.colcon_core.shell:Creating package script '/home/krissso/master_ws/install/visualization/share/visualization/package.sh'
[6.782s] INFO:colcon.colcon_core.shell:Creating package script '/home/krissso/master_ws/install/visualization/share/visualization/package.bash'
[6.783s] INFO:colcon.colcon_core.shell:Creating package script '/home/krissso/master_ws/install/visualization/share/visualization/package.zsh'
[6.784s] Level 1:colcon.colcon_core.environment:create_file_with_runtime_dependencies(/home/krissso/master_ws/install/visualization/share/colcon-core/packages/visualization)
[6.785s] DEBUG:colcon.colcon_parallel_executor.executor.parallel:closing loop
[6.786s] DEBUG:colcon.colcon_parallel_executor.executor.parallel:loop closed
[6.786s] DEBUG:colcon.colcon_parallel_executor.executor.parallel:run_until_complete finished with '0'
[6.786s] DEBUG:colcon.colcon_core.event_reactor:joining thread
[6.801s] INFO:colcon.colcon_core.plugin_system:Skipping extension 'colcon_notification.desktop_notification.terminal_notifier': Not used on non-Darwin systems
[6.801s] INFO:colcon.colcon_core.plugin_system:Skipping extension 'colcon_notification.desktop_notification.win32': Not used on non-Windows systems
[6.801s] INFO:colcon.colcon_notification.desktop_notification:Sending desktop notification using 'notify2'
[6.813s] DEBUG:colcon.colcon_core.event_reactor:joined thread
[6.814s] INFO:colcon.colcon_core.shell:Creating prefix script '/home/krissso/master_ws/install/local_setup.ps1'
[6.817s] INFO:colcon.colcon_core.shell:Creating prefix util module '/home/krissso/master_ws/install/_local_setup_util_ps1.py'
[6.821s] INFO:colcon.colcon_core.shell:Creating prefix chain script '/home/krissso/master_ws/install/setup.ps1'
[6.835s] INFO:colcon.colcon_core.shell:Creating prefix script '/home/krissso/master_ws/install/local_setup.sh'
[6.839s] INFO:colcon.colcon_core.shell:Creating prefix util module '/home/krissso/master_ws/install/_local_setup_util_sh.py'
[6.840s] INFO:colcon.colcon_core.shell:Creating prefix chain script '/home/krissso/master_ws/install/setup.sh'
[6.850s] INFO:colcon.colcon_core.shell:Creating prefix script '/home/krissso/master_ws/install/local_setup.bash'
[6.855s] INFO:colcon.colcon_core.shell:Creating prefix chain script '/home/krissso/master_ws/install/setup.bash'
[6.861s] INFO:colcon.colcon_core.shell:Creating prefix script '/home/krissso/master_ws/install/local_setup.zsh'
[6.866s] INFO:colcon.colcon_core.shell:Creating prefix chain script '/home/krissso/master_ws/install/setup.zsh'
