[0.372s] Invoking command in '/home/krissso/master_ws/build/range_sensors': PYTHONPATH=/home/krissso/master_ws/install/range_sensors/lib/python3.6/site-packages:${PYTHONPATH} /usr/bin/python3 setup.py develop --prefix /home/krissso/master_ws/install/range_sensors --editable --build-directory /home/krissso/master_ws/build/range_sensors/build --no-deps install_data --install-dir /home/krissso/master_ws/install/range_sensors
[0.712s] running develop
[0.858s] running egg_info
[0.858s] creating range_sensors.egg-info
[0.858s] writing range_sensors.egg-info/PKG-INFO
[0.859s] writing dependency_links to range_sensors.egg-info/dependency_links.txt
[0.859s] writing entry points to range_sensors.egg-info/entry_points.txt
[0.859s] writing requirements to range_sensors.egg-info/requires.txt
[0.859s] writing top-level names to range_sensors.egg-info/top_level.txt
[0.860s] writing manifest file 'range_sensors.egg-info/SOURCES.txt'
[0.918s] reading manifest file 'range_sensors.egg-info/SOURCES.txt'
[0.919s] writing manifest file 'range_sensors.egg-info/SOURCES.txt'
[0.921s] running build_ext
[0.922s] Creating /home/krissso/master_ws/install/range_sensors/lib/python3.6/site-packages/site.py
[0.923s] Creating /home/krissso/master_ws/install/range_sensors/lib/python3.6/site-packages/range-sensors.egg-link (link to .)
[0.924s] Installing sensor_pub script to /home/krissso/master_ws/install/range_sensors/lib/range_sensors
[0.937s] 
[0.937s] Installed /home/krissso/master_ws/build/range_sensors
[0.938s] running install_data
[0.939s] creating /home/krissso/master_ws/install/range_sensors/share/ament_index
[0.939s] creating /home/krissso/master_ws/install/range_sensors/share/ament_index/resource_index
[0.940s] creating /home/krissso/master_ws/install/range_sensors/share/ament_index/resource_index/packages
[0.940s] copying resource/range_sensors -> /home/krissso/master_ws/install/range_sensors/share/ament_index/resource_index/packages
[0.941s] copying package.xml -> /home/krissso/master_ws/install/range_sensors/share/range_sensors
[0.974s] Invoked command in '/home/krissso/master_ws/build/range_sensors' returned '0': PYTHONPATH=/home/krissso/master_ws/install/range_sensors/lib/python3.6/site-packages:${PYTHONPATH} /usr/bin/python3 setup.py develop --prefix /home/krissso/master_ws/install/range_sensors --editable --build-directory /home/krissso/master_ws/build/range_sensors/build --no-deps install_data --install-dir /home/krissso/master_ws/install/range_sensors
