[0.263s] DEBUG:colcon:Command line arguments: ['/usr/bin/colcon', 'build', '--symlink-install']
[0.264s] DEBUG:colcon:Parsed command line arguments: Namespace(ament_cmake_args=None, base_paths=['.'], build_base='build', catkin_cmake_args=None, catkin_skip_building_tests=False, cmake_args=None, cmake_clean_cache=False, cmake_clean_first=False, cmake_force_configure=False, cmake_target=None, cmake_target_skip_unavailable=False, continue_on_error=False, event_handlers=None, executor='parallel', ignore_user_meta=False, install_base='install', log_base=None, log_level=None, main=<bound method BuildVerb.main of <colcon_core.verb.build.BuildVerb object at 0x7f5daa64f438>>, merge_install=False, metas=['./colcon.meta'], packages_above=None, packages_above_depth=None, packages_end=None, packages_ignore=None, packages_ignore_regex=None, packages_select=None, packages_select_build_failed=False, packages_select_by_dep=None, packages_select_regex=None, packages_select_test_failures=False, packages_skip=None, packages_skip_build_finished=False, packages_skip_by_dep=None, packages_skip_regex=None, packages_skip_test_passed=False, packages_skip_up_to=None, packages_start=None, packages_up_to=None, parallel_workers=1, paths=None, symlink_install=True, test_result_base=None, verb_extension=<colcon_core.verb.build.BuildVerb object at 0x7f5daa64f438>, verb_name='build', verb_parser=<colcon_defaults.argument_parser.defaults.DefaultArgumentsDecorator object at 0x7f5daa64f780>)
[0.327s] Level 1:colcon.colcon_core.package_discovery:discover_packages(colcon_meta) check parameters
[0.327s] Level 1:colcon.colcon_core.package_discovery:discover_packages(recursive) check parameters
[0.327s] Level 1:colcon.colcon_core.package_discovery:discover_packages(ignore) check parameters
[0.327s] Level 1:colcon.colcon_core.package_discovery:discover_packages(path) check parameters
[0.327s] Level 1:colcon.colcon_core.package_discovery:discover_packages(colcon_meta) discover
[0.328s] Level 1:colcon.colcon_core.package_discovery:discover_packages(recursive) discover
[0.328s] INFO:colcon.colcon_core.package_discovery:Crawling recursively for packages in '/home/krissso/master_ws'
[0.328s] Level 1:colcon.colcon_core.package_identification:_identify(.) by extensions ['ignore', 'ignore_ament_install']
[0.328s] Level 1:colcon.colcon_core.package_identification:_identify(.) by extension 'ignore'
[0.328s] Level 1:colcon.colcon_core.package_identification:_identify(.) by extension 'ignore_ament_install'
[0.328s] Level 1:colcon.colcon_core.package_identification:_identify(.) by extensions ['colcon_pkg']
[0.328s] Level 1:colcon.colcon_core.package_identification:_identify(.) by extension 'colcon_pkg'
[0.328s] Level 1:colcon.colcon_core.package_identification:_identify(.) by extensions ['colcon_meta']
[0.329s] Level 1:colcon.colcon_core.package_identification:_identify(.) by extension 'colcon_meta'
[0.329s] Level 1:colcon.colcon_core.package_identification:_identify(.) by extensions ['ros']
[0.329s] Level 1:colcon.colcon_core.package_identification:_identify(.) by extension 'ros'
[0.347s] Level 1:colcon.colcon_core.package_identification:_identify(.) by extensions ['cmake', 'python']
[0.347s] Level 1:colcon.colcon_core.package_identification:_identify(.) by extension 'cmake'
[0.347s] Level 1:colcon.colcon_core.package_identification:_identify(.) by extension 'python'
[0.347s] Level 1:colcon.colcon_core.package_identification:_identify(.) by extensions ['python_setup_py']
[0.347s] Level 1:colcon.colcon_core.package_identification:_identify(.) by extension 'python_setup_py'
[0.347s] Level 1:colcon.colcon_core.package_identification:_identify(build) by extensions ['ignore', 'ignore_ament_install']
[0.347s] Level 1:colcon.colcon_core.package_identification:_identify(build) by extension 'ignore'
[0.347s] Level 1:colcon.colcon_core.package_identification:_identify(build) ignored
[0.348s] Level 1:colcon.colcon_core.package_identification:_identify(install) by extensions ['ignore', 'ignore_ament_install']
[0.348s] Level 1:colcon.colcon_core.package_identification:_identify(install) by extension 'ignore'
[0.348s] Level 1:colcon.colcon_core.package_identification:_identify(install) ignored
[0.348s] Level 1:colcon.colcon_core.package_identification:_identify(log) by extensions ['ignore', 'ignore_ament_install']
[0.348s] Level 1:colcon.colcon_core.package_identification:_identify(log) by extension 'ignore'
[0.348s] Level 1:colcon.colcon_core.package_identification:_identify(log) ignored
[0.349s] Level 1:colcon.colcon_core.package_identification:_identify(src) by extensions ['ignore', 'ignore_ament_install']
[0.349s] Level 1:colcon.colcon_core.package_identification:_identify(src) by extension 'ignore'
[0.349s] Level 1:colcon.colcon_core.package_identification:_identify(src) by extension 'ignore_ament_install'
[0.349s] Level 1:colcon.colcon_core.package_identification:_identify(src) by extensions ['colcon_pkg']
[0.349s] Level 1:colcon.colcon_core.package_identification:_identify(src) by extension 'colcon_pkg'
[0.349s] Level 1:colcon.colcon_core.package_identification:_identify(src) by extensions ['colcon_meta']
[0.349s] Level 1:colcon.colcon_core.package_identification:_identify(src) by extension 'colcon_meta'
[0.349s] Level 1:colcon.colcon_core.package_identification:_identify(src) by extensions ['ros']
[0.349s] Level 1:colcon.colcon_core.package_identification:_identify(src) by extension 'ros'
[0.350s] Level 1:colcon.colcon_core.package_identification:_identify(src) by extensions ['cmake', 'python']
[0.350s] Level 1:colcon.colcon_core.package_identification:_identify(src) by extension 'cmake'
[0.350s] Level 1:colcon.colcon_core.package_identification:_identify(src) by extension 'python'
[0.350s] Level 1:colcon.colcon_core.package_identification:_identify(src) by extensions ['python_setup_py']
[0.350s] Level 1:colcon.colcon_core.package_identification:_identify(src) by extension 'python_setup_py'
[0.350s] Level 1:colcon.colcon_core.package_identification:_identify(src/intel_realsense) by extensions ['ignore', 'ignore_ament_install']
[0.350s] Level 1:colcon.colcon_core.package_identification:_identify(src/intel_realsense) by extension 'ignore'
[0.350s] Level 1:colcon.colcon_core.package_identification:_identify(src/intel_realsense) by extension 'ignore_ament_install'
[0.350s] Level 1:colcon.colcon_core.package_identification:_identify(src/intel_realsense) by extensions ['colcon_pkg']
[0.350s] Level 1:colcon.colcon_core.package_identification:_identify(src/intel_realsense) by extension 'colcon_pkg'
[0.350s] Level 1:colcon.colcon_core.package_identification:_identify(src/intel_realsense) by extensions ['colcon_meta']
[0.350s] Level 1:colcon.colcon_core.package_identification:_identify(src/intel_realsense) by extension 'colcon_meta'
[0.350s] Level 1:colcon.colcon_core.package_identification:_identify(src/intel_realsense) by extensions ['ros']
[0.350s] Level 1:colcon.colcon_core.package_identification:_identify(src/intel_realsense) by extension 'ros'
[0.354s] DEBUG:colcon.colcon_core.package_identification:Package 'src/intel_realsense' with type 'ros.ament_python' and name 'intel_realsense'
[0.354s] Level 1:colcon.colcon_core.package_identification:_identify(src/map) by extensions ['ignore', 'ignore_ament_install']
[0.354s] Level 1:colcon.colcon_core.package_identification:_identify(src/map) by extension 'ignore'
[0.354s] Level 1:colcon.colcon_core.package_identification:_identify(src/map) by extension 'ignore_ament_install'
[0.354s] Level 1:colcon.colcon_core.package_identification:_identify(src/map) by extensions ['colcon_pkg']
[0.354s] Level 1:colcon.colcon_core.package_identification:_identify(src/map) by extension 'colcon_pkg'
[0.354s] Level 1:colcon.colcon_core.package_identification:_identify(src/map) by extensions ['colcon_meta']
[0.355s] Level 1:colcon.colcon_core.package_identification:_identify(src/map) by extension 'colcon_meta'
[0.355s] Level 1:colcon.colcon_core.package_identification:_identify(src/map) by extensions ['ros']
[0.355s] Level 1:colcon.colcon_core.package_identification:_identify(src/map) by extension 'ros'
[0.355s] DEBUG:colcon.colcon_core.package_identification:Package 'src/map' with type 'ros.ament_python' and name 'map'
[0.356s] Level 1:colcon.colcon_core.package_identification:_identify(src/move_test) by extensions ['ignore', 'ignore_ament_install']
[0.356s] Level 1:colcon.colcon_core.package_identification:_identify(src/move_test) by extension 'ignore'
[0.356s] Level 1:colcon.colcon_core.package_identification:_identify(src/move_test) by extension 'ignore_ament_install'
[0.356s] Level 1:colcon.colcon_core.package_identification:_identify(src/move_test) by extensions ['colcon_pkg']
[0.356s] Level 1:colcon.colcon_core.package_identification:_identify(src/move_test) by extension 'colcon_pkg'
[0.356s] Level 1:colcon.colcon_core.package_identification:_identify(src/move_test) by extensions ['colcon_meta']
[0.356s] Level 1:colcon.colcon_core.package_identification:_identify(src/move_test) by extension 'colcon_meta'
[0.356s] Level 1:colcon.colcon_core.package_identification:_identify(src/move_test) by extensions ['ros']
[0.356s] Level 1:colcon.colcon_core.package_identification:_identify(src/move_test) by extension 'ros'
[0.357s] DEBUG:colcon.colcon_core.package_identification:Package 'src/move_test' with type 'ros.ament_python' and name 'move_test'
[0.357s] Level 1:colcon.colcon_core.package_identification:_identify(src/qr_reader) by extensions ['ignore', 'ignore_ament_install']
[0.357s] Level 1:colcon.colcon_core.package_identification:_identify(src/qr_reader) by extension 'ignore'
[0.357s] Level 1:colcon.colcon_core.package_identification:_identify(src/qr_reader) by extension 'ignore_ament_install'
[0.357s] Level 1:colcon.colcon_core.package_identification:_identify(src/qr_reader) by extensions ['colcon_pkg']
[0.357s] Level 1:colcon.colcon_core.package_identification:_identify(src/qr_reader) by extension 'colcon_pkg'
[0.357s] Level 1:colcon.colcon_core.package_identification:_identify(src/qr_reader) by extensions ['colcon_meta']
[0.357s] Level 1:colcon.colcon_core.package_identification:_identify(src/qr_reader) by extension 'colcon_meta'
[0.358s] Level 1:colcon.colcon_core.package_identification:_identify(src/qr_reader) by extensions ['ros']
[0.358s] Level 1:colcon.colcon_core.package_identification:_identify(src/qr_reader) by extension 'ros'
[0.359s] DEBUG:colcon.colcon_core.package_identification:Package 'src/qr_reader' with type 'ros.ament_python' and name 'qr_reader'
[0.359s] Level 1:colcon.colcon_core.package_identification:_identify(src/range_sensors) by extensions ['ignore', 'ignore_ament_install']
[0.359s] Level 1:colcon.colcon_core.package_identification:_identify(src/range_sensors) by extension 'ignore'
[0.359s] Level 1:colcon.colcon_core.package_identification:_identify(src/range_sensors) by extension 'ignore_ament_install'
[0.359s] Level 1:colcon.colcon_core.package_identification:_identify(src/range_sensors) by extensions ['colcon_pkg']
[0.359s] Level 1:colcon.colcon_core.package_identification:_identify(src/range_sensors) by extension 'colcon_pkg'
[0.359s] Level 1:colcon.colcon_core.package_identification:_identify(src/range_sensors) by extensions ['colcon_meta']
[0.359s] Level 1:colcon.colcon_core.package_identification:_identify(src/range_sensors) by extension 'colcon_meta'
[0.359s] Level 1:colcon.colcon_core.package_identification:_identify(src/range_sensors) by extensions ['ros']
[0.359s] Level 1:colcon.colcon_core.package_identification:_identify(src/range_sensors) by extension 'ros'
[0.361s] DEBUG:colcon.colcon_core.package_identification:Package 'src/range_sensors' with type 'ros.ament_python' and name 'range_sensors'
[0.361s] Level 1:colcon.colcon_core.package_identification:_identify(src/visualization) by extensions ['ignore', 'ignore_ament_install']
[0.361s] Level 1:colcon.colcon_core.package_identification:_identify(src/visualization) by extension 'ignore'
[0.361s] Level 1:colcon.colcon_core.package_identification:_identify(src/visualization) by extension 'ignore_ament_install'
[0.361s] Level 1:colcon.colcon_core.package_identification:_identify(src/visualization) by extensions ['colcon_pkg']
[0.361s] Level 1:colcon.colcon_core.package_identification:_identify(src/visualization) by extension 'colcon_pkg'
[0.361s] Level 1:colcon.colcon_core.package_identification:_identify(src/visualization) by extensions ['colcon_meta']
[0.361s] Level 1:colcon.colcon_core.package_identification:_identify(src/visualization) by extension 'colcon_meta'
[0.361s] Level 1:colcon.colcon_core.package_identification:_identify(src/visualization) by extensions ['ros']
[0.361s] Level 1:colcon.colcon_core.package_identification:_identify(src/visualization) by extension 'ros'
[0.362s] DEBUG:colcon.colcon_core.package_identification:Package 'src/visualization' with type 'ros.ament_cmake' and name 'visualization'
[0.362s] Level 1:colcon.colcon_core.package_discovery:discover_packages(recursive) using defaults
[0.362s] Level 1:colcon.colcon_core.package_discovery:discover_packages(ignore) discover
[0.362s] Level 1:colcon.colcon_core.package_discovery:discover_packages(ignore) using defaults
[0.363s] Level 1:colcon.colcon_core.package_discovery:discover_packages(path) discover
[0.363s] Level 1:colcon.colcon_core.package_discovery:discover_packages(path) using defaults
[0.372s] Level 5:colcon.colcon_core.verb:set package 'intel_realsense' build argument 'cmake_args' from command line to 'None'
[0.372s] Level 5:colcon.colcon_core.verb:set package 'intel_realsense' build argument 'cmake_target' from command line to 'None'
[0.372s] Level 5:colcon.colcon_core.verb:set package 'intel_realsense' build argument 'cmake_target_skip_unavailable' from command line to 'False'
[0.372s] Level 5:colcon.colcon_core.verb:set package 'intel_realsense' build argument 'cmake_clean_cache' from command line to 'False'
[0.373s] Level 5:colcon.colcon_core.verb:set package 'intel_realsense' build argument 'cmake_clean_first' from command line to 'False'
[0.373s] Level 5:colcon.colcon_core.verb:set package 'intel_realsense' build argument 'cmake_force_configure' from command line to 'False'
[0.373s] Level 5:colcon.colcon_core.verb:set package 'intel_realsense' build argument 'ament_cmake_args' from command line to 'None'
[0.373s] Level 5:colcon.colcon_core.verb:set package 'intel_realsense' build argument 'catkin_cmake_args' from command line to 'None'
[0.373s] Level 5:colcon.colcon_core.verb:set package 'intel_realsense' build argument 'catkin_skip_building_tests' from command line to 'False'
[0.373s] DEBUG:colcon.colcon_core.verb:Building package 'intel_realsense' with the following arguments: {'ament_cmake_args': None, 'build_base': '/home/krissso/master_ws/build/intel_realsense', 'catkin_cmake_args': None, 'catkin_skip_building_tests': False, 'cmake_args': None, 'cmake_clean_cache': False, 'cmake_clean_first': False, 'cmake_force_configure': False, 'cmake_target': None, 'cmake_target_skip_unavailable': False, 'install_base': '/home/krissso/master_ws/install/intel_realsense', 'merge_install': False, 'path': '/home/krissso/master_ws/src/intel_realsense', 'symlink_install': True, 'test_result_base': None}
[0.377s] Level 5:colcon.colcon_core.verb:set package 'map' build argument 'cmake_args' from command line to 'None'
[0.378s] Level 5:colcon.colcon_core.verb:set package 'map' build argument 'cmake_target' from command line to 'None'
[0.378s] Level 5:colcon.colcon_core.verb:set package 'map' build argument 'cmake_target_skip_unavailable' from command line to 'False'
[0.378s] Level 5:colcon.colcon_core.verb:set package 'map' build argument 'cmake_clean_cache' from command line to 'False'
[0.378s] Level 5:colcon.colcon_core.verb:set package 'map' build argument 'cmake_clean_first' from command line to 'False'
[0.378s] Level 5:colcon.colcon_core.verb:set package 'map' build argument 'cmake_force_configure' from command line to 'False'
[0.378s] Level 5:colcon.colcon_core.verb:set package 'map' build argument 'ament_cmake_args' from command line to 'None'
[0.378s] Level 5:colcon.colcon_core.verb:set package 'map' build argument 'catkin_cmake_args' from command line to 'None'
[0.378s] Level 5:colcon.colcon_core.verb:set package 'map' build argument 'catkin_skip_building_tests' from command line to 'False'
[0.378s] DEBUG:colcon.colcon_core.verb:Building package 'map' with the following arguments: {'ament_cmake_args': None, 'build_base': '/home/krissso/master_ws/build/map', 'catkin_cmake_args': None, 'catkin_skip_building_tests': False, 'cmake_args': None, 'cmake_clean_cache': False, 'cmake_clean_first': False, 'cmake_force_configure': False, 'cmake_target': None, 'cmake_target_skip_unavailable': False, 'install_base': '/home/krissso/master_ws/install/map', 'merge_install': False, 'path': '/home/krissso/master_ws/src/map', 'symlink_install': True, 'test_result_base': None}
[0.383s] Level 5:colcon.colcon_core.verb:set package 'move_test' build argument 'cmake_args' from command line to 'None'
[0.383s] Level 5:colcon.colcon_core.verb:set package 'move_test' build argument 'cmake_target' from command line to 'None'
[0.383s] Level 5:colcon.colcon_core.verb:set package 'move_test' build argument 'cmake_target_skip_unavailable' from command line to 'False'
[0.383s] Level 5:colcon.colcon_core.verb:set package 'move_test' build argument 'cmake_clean_cache' from command line to 'False'
[0.383s] Level 5:colcon.colcon_core.verb:set package 'move_test' build argument 'cmake_clean_first' from command line to 'False'
[0.383s] Level 5:colcon.colcon_core.verb:set package 'move_test' build argument 'cmake_force_configure' from command line to 'False'
[0.384s] Level 5:colcon.colcon_core.verb:set package 'move_test' build argument 'ament_cmake_args' from command line to 'None'
[0.384s] Level 5:colcon.colcon_core.verb:set package 'move_test' build argument 'catkin_cmake_args' from command line to 'None'
[0.384s] Level 5:colcon.colcon_core.verb:set package 'move_test' build argument 'catkin_skip_building_tests' from command line to 'False'
[0.384s] DEBUG:colcon.colcon_core.verb:Building package 'move_test' with the following arguments: {'ament_cmake_args': None, 'build_base': '/home/krissso/master_ws/build/move_test', 'catkin_cmake_args': None, 'catkin_skip_building_tests': False, 'cmake_args': None, 'cmake_clean_cache': False, 'cmake_clean_first': False, 'cmake_force_configure': False, 'cmake_target': None, 'cmake_target_skip_unavailable': False, 'install_base': '/home/krissso/master_ws/install/move_test', 'merge_install': False, 'path': '/home/krissso/master_ws/src/move_test', 'symlink_install': True, 'test_result_base': None}
[0.388s] Level 5:colcon.colcon_core.verb:set package 'qr_reader' build argument 'cmake_args' from command line to 'None'
[0.388s] Level 5:colcon.colcon_core.verb:set package 'qr_reader' build argument 'cmake_target' from command line to 'None'
[0.388s] Level 5:colcon.colcon_core.verb:set package 'qr_reader' build argument 'cmake_target_skip_unavailable' from command line to 'False'
[0.388s] Level 5:colcon.colcon_core.verb:set package 'qr_reader' build argument 'cmake_clean_cache' from command line to 'False'
[0.389s] Level 5:colcon.colcon_core.verb:set package 'qr_reader' build argument 'cmake_clean_first' from command line to 'False'
[0.389s] Level 5:colcon.colcon_core.verb:set package 'qr_reader' build argument 'cmake_force_configure' from command line to 'False'
[0.389s] Level 5:colcon.colcon_core.verb:set package 'qr_reader' build argument 'ament_cmake_args' from command line to 'None'
[0.389s] Level 5:colcon.colcon_core.verb:set package 'qr_reader' build argument 'catkin_cmake_args' from command line to 'None'
[0.389s] Level 5:colcon.colcon_core.verb:set package 'qr_reader' build argument 'catkin_skip_building_tests' from command line to 'False'
[0.389s] DEBUG:colcon.colcon_core.verb:Building package 'qr_reader' with the following arguments: {'ament_cmake_args': None, 'build_base': '/home/krissso/master_ws/build/qr_reader', 'catkin_cmake_args': None, 'catkin_skip_building_tests': False, 'cmake_args': None, 'cmake_clean_cache': False, 'cmake_clean_first': False, 'cmake_force_configure': False, 'cmake_target': None, 'cmake_target_skip_unavailable': False, 'install_base': '/home/krissso/master_ws/install/qr_reader', 'merge_install': False, 'path': '/home/krissso/master_ws/src/qr_reader', 'symlink_install': True, 'test_result_base': None}
[0.394s] Level 5:colcon.colcon_core.verb:set package 'range_sensors' build argument 'cmake_args' from command line to 'None'
[0.394s] Level 5:colcon.colcon_core.verb:set package 'range_sensors' build argument 'cmake_target' from command line to 'None'
[0.394s] Level 5:colcon.colcon_core.verb:set package 'range_sensors' build argument 'cmake_target_skip_unavailable' from command line to 'False'
[0.394s] Level 5:colcon.colcon_core.verb:set package 'range_sensors' build argument 'cmake_clean_cache' from command line to 'False'
[0.394s] Level 5:colcon.colcon_core.verb:set package 'range_sensors' build argument 'cmake_clean_first' from command line to 'False'
[0.394s] Level 5:colcon.colcon_core.verb:set package 'range_sensors' build argument 'cmake_force_configure' from command line to 'False'
[0.394s] Level 5:colcon.colcon_core.verb:set package 'range_sensors' build argument 'ament_cmake_args' from command line to 'None'
[0.394s] Level 5:colcon.colcon_core.verb:set package 'range_sensors' build argument 'catkin_cmake_args' from command line to 'None'
[0.394s] Level 5:colcon.colcon_core.verb:set package 'range_sensors' build argument 'catkin_skip_building_tests' from command line to 'False'
[0.394s] DEBUG:colcon.colcon_core.verb:Building package 'range_sensors' with the following arguments: {'ament_cmake_args': None, 'build_base': '/home/krissso/master_ws/build/range_sensors', 'catkin_cmake_args': None, 'catkin_skip_building_tests': False, 'cmake_args': None, 'cmake_clean_cache': False, 'cmake_clean_first': False, 'cmake_force_configure': False, 'cmake_target': None, 'cmake_target_skip_unavailable': False, 'install_base': '/home/krissso/master_ws/install/range_sensors', 'merge_install': False, 'path': '/home/krissso/master_ws/src/range_sensors', 'symlink_install': True, 'test_result_base': None}
[0.399s] Level 5:colcon.colcon_core.verb:set package 'visualization' build argument 'cmake_args' from command line to 'None'
[0.400s] Level 5:colcon.colcon_core.verb:set package 'visualization' build argument 'cmake_target' from command line to 'None'
[0.400s] Level 5:colcon.colcon_core.verb:set package 'visualization' build argument 'cmake_target_skip_unavailable' from command line to 'False'
[0.400s] Level 5:colcon.colcon_core.verb:set package 'visualization' build argument 'cmake_clean_cache' from command line to 'False'
[0.400s] Level 5:colcon.colcon_core.verb:set package 'visualization' build argument 'cmake_clean_first' from command line to 'False'
[0.400s] Level 5:colcon.colcon_core.verb:set package 'visualization' build argument 'cmake_force_configure' from command line to 'False'
[0.400s] Level 5:colcon.colcon_core.verb:set package 'visualization' build argument 'ament_cmake_args' from command line to 'None'
[0.400s] Level 5:colcon.colcon_core.verb:set package 'visualization' build argument 'catkin_cmake_args' from command line to 'None'
[0.400s] Level 5:colcon.colcon_core.verb:set package 'visualization' build argument 'catkin_skip_building_tests' from command line to 'False'
[0.400s] DEBUG:colcon.colcon_core.verb:Building package 'visualization' with the following arguments: {'ament_cmake_args': None, 'build_base': '/home/krissso/master_ws/build/visualization', 'catkin_cmake_args': None, 'catkin_skip_building_tests': False, 'cmake_args': None, 'cmake_clean_cache': False, 'cmake_clean_first': False, 'cmake_force_configure': False, 'cmake_target': None, 'cmake_target_skip_unavailable': False, 'install_base': '/home/krissso/master_ws/install/visualization', 'merge_install': False, 'path': '/home/krissso/master_ws/src/visualization', 'symlink_install': True, 'test_result_base': None}
[0.400s] INFO:colcon.colcon_core.executor:Executing jobs using 'parallel' executor
[0.403s] DEBUG:colcon.colcon_parallel_executor.executor.parallel:run_until_complete
[0.403s] INFO:colcon.colcon_ros.task.ament_python.build:Building ROS package in '/home/krissso/master_ws/src/intel_realsense' with build type 'ament_python'
[0.404s] Level 1:colcon.colcon_core.shell:create_environment_hook('intel_realsense', 'ament_prefix_path')
[0.408s] INFO:colcon.colcon_core.plugin_system:Skipping extension 'colcon_core.shell.bat': Not used on non-Windows systems
[0.408s] INFO:colcon.colcon_core.shell:Creating environment hook '/home/krissso/master_ws/install/intel_realsense/share/intel_realsense/hook/ament_prefix_path.ps1'
[0.410s] INFO:colcon.colcon_core.shell:Creating environment descriptor '/home/krissso/master_ws/install/intel_realsense/share/intel_realsense/hook/ament_prefix_path.dsv'
[0.411s] INFO:colcon.colcon_core.shell:Creating environment hook '/home/krissso/master_ws/install/intel_realsense/share/intel_realsense/hook/ament_prefix_path.sh'
[0.412s] INFO:colcon.colcon_core.shell:Skip shell extension 'powershell' for command environment: Not usable outside of PowerShell
[0.412s] DEBUG:colcon.colcon_core.shell:Skip shell extension 'dsv' for command environment
[0.417s] DEBUG:colcon.colcon_core.shell:Ignoring prefix path '/opt/ros/eloquent'
[0.799s] INFO:colcon.colcon_core.task.python.build:Building Python package in '/home/krissso/master_ws/src/intel_realsense'
[0.801s] INFO:colcon.colcon_core.shell:Skip shell extension 'powershell' for command environment: Not usable outside of PowerShell
[0.801s] DEBUG:colcon.colcon_core.shell:Skip shell extension 'dsv' for command environment
[0.804s] DEBUG:colcon.colcon_core.shell:Ignoring prefix path '/opt/ros/eloquent'
[0.812s] DEBUG:colcon.colcon_core.event_handler.log_command:Invoking command in '/home/krissso/master_ws/build/intel_realsense': PYTHONPATH=/home/krissso/master_ws/install/intel_realsense/lib/python3.6/site-packages:${PYTHONPATH} /usr/bin/python3 setup.py develop --prefix /home/krissso/master_ws/install/intel_realsense --editable --build-directory /home/krissso/master_ws/build/intel_realsense/build --no-deps install_data --install-dir /home/krissso/master_ws/install/intel_realsense
[1.436s] Level 1:colcon.colcon_core.shell:create_environment_hook('intel_realsense', 'pythonpath_develop')
[1.438s] INFO:colcon.colcon_core.shell:Creating environment hook '/home/krissso/master_ws/build/intel_realsense/share/intel_realsense/hook/pythonpath_develop.ps1'
[1.439s] DEBUG:colcon.colcon_core.event_handler.log_command:Invoked command in '/home/krissso/master_ws/build/intel_realsense' returned '0': PYTHONPATH=/home/krissso/master_ws/install/intel_realsense/lib/python3.6/site-packages:${PYTHONPATH} /usr/bin/python3 setup.py develop --prefix /home/krissso/master_ws/install/intel_realsense --editable --build-directory /home/krissso/master_ws/build/intel_realsense/build --no-deps install_data --install-dir /home/krissso/master_ws/install/intel_realsense
[1.439s] INFO:colcon.colcon_core.shell:Creating environment descriptor '/home/krissso/master_ws/build/intel_realsense/share/intel_realsense/hook/pythonpath_develop.dsv'
[1.440s] INFO:colcon.colcon_core.shell:Creating environment hook '/home/krissso/master_ws/build/intel_realsense/share/intel_realsense/hook/pythonpath_develop.sh'
[1.458s] Level 1:colcon.colcon_core.environment:checking '/home/krissso/master_ws/install/intel_realsense' for CMake module files
[1.459s] Level 1:colcon.colcon_core.environment:checking '/home/krissso/master_ws/install/intel_realsense' for CMake config files
[1.460s] Level 1:colcon.colcon_core.environment:checking '/home/krissso/master_ws/install/intel_realsense/lib'
[1.461s] Level 1:colcon.colcon_core.environment:checking '/home/krissso/master_ws/install/intel_realsense/bin'
[1.461s] Level 1:colcon.colcon_core.environment:checking '/home/krissso/master_ws/install/intel_realsense/lib/pkgconfig/intel_realsense.pc'
[1.461s] Level 1:colcon.colcon_core.environment:checking '/home/krissso/master_ws/install/intel_realsense/lib/python3.6/site-packages'
[1.461s] Level 1:colcon.colcon_core.shell:create_environment_hook('intel_realsense', 'pythonpath')
[1.462s] INFO:colcon.colcon_core.shell:Creating environment hook '/home/krissso/master_ws/install/intel_realsense/share/intel_realsense/hook/pythonpath.ps1'
[1.463s] INFO:colcon.colcon_core.shell:Creating environment descriptor '/home/krissso/master_ws/install/intel_realsense/share/intel_realsense/hook/pythonpath.dsv'
[1.463s] INFO:colcon.colcon_core.shell:Creating environment hook '/home/krissso/master_ws/install/intel_realsense/share/intel_realsense/hook/pythonpath.sh'
[1.464s] Level 1:colcon.colcon_core.environment:create_environment_scripts_only(intel_realsense)
[1.465s] INFO:colcon.colcon_core.shell:Creating package script '/home/krissso/master_ws/install/intel_realsense/share/intel_realsense/package.ps1'
[1.467s] INFO:colcon.colcon_core.shell:Creating package descriptor '/home/krissso/master_ws/install/intel_realsense/share/intel_realsense/package.dsv'
[1.468s] INFO:colcon.colcon_core.shell:Creating package script '/home/krissso/master_ws/install/intel_realsense/share/intel_realsense/package.sh'
[1.469s] INFO:colcon.colcon_core.shell:Creating package script '/home/krissso/master_ws/install/intel_realsense/share/intel_realsense/package.bash'
[1.471s] INFO:colcon.colcon_core.shell:Creating package script '/home/krissso/master_ws/install/intel_realsense/share/intel_realsense/package.zsh'
[1.472s] Level 1:colcon.colcon_core.environment:create_file_with_runtime_dependencies(/home/krissso/master_ws/install/intel_realsense/share/colcon-core/packages/intel_realsense)
[1.473s] INFO:colcon.colcon_ros.task.ament_python.build:Building ROS package in '/home/krissso/master_ws/src/map' with build type 'ament_python'
[1.474s] Level 1:colcon.colcon_core.shell:create_environment_hook('map', 'ament_prefix_path')
[1.475s] INFO:colcon.colcon_core.shell:Creating environment hook '/home/krissso/master_ws/install/map/share/map/hook/ament_prefix_path.ps1'
[1.476s] INFO:colcon.colcon_core.shell:Creating environment descriptor '/home/krissso/master_ws/install/map/share/map/hook/ament_prefix_path.dsv'
[1.476s] INFO:colcon.colcon_core.shell:Creating environment hook '/home/krissso/master_ws/install/map/share/map/hook/ament_prefix_path.sh'
[1.477s] INFO:colcon.colcon_core.shell:Skip shell extension 'powershell' for command environment: Not usable outside of PowerShell
[1.478s] DEBUG:colcon.colcon_core.shell:Skip shell extension 'dsv' for command environment
[1.480s] DEBUG:colcon.colcon_core.shell:Ignoring prefix path '/opt/ros/eloquent'
[1.866s] INFO:colcon.colcon_core.task.python.build:Building Python package in '/home/krissso/master_ws/src/map'
[1.868s] INFO:colcon.colcon_core.shell:Skip shell extension 'powershell' for command environment: Not usable outside of PowerShell
[1.868s] DEBUG:colcon.colcon_core.shell:Skip shell extension 'dsv' for command environment
[1.871s] DEBUG:colcon.colcon_core.shell:Ignoring prefix path '/opt/ros/eloquent'
[1.882s] DEBUG:colcon.colcon_core.event_handler.log_command:Invoking command in '/home/krissso/master_ws/build/map': PYTHONPATH=/home/krissso/master_ws/install/map/lib/python3.6/site-packages:${PYTHONPATH} /usr/bin/python3 setup.py develop --prefix /home/krissso/master_ws/install/map --editable --build-directory /home/krissso/master_ws/build/map/build --no-deps install_data --install-dir /home/krissso/master_ws/install/map
[2.506s] Level 1:colcon.colcon_core.shell:create_environment_hook('map', 'pythonpath_develop')
[2.508s] INFO:colcon.colcon_core.shell:Creating environment hook '/home/krissso/master_ws/build/map/share/map/hook/pythonpath_develop.ps1'
[2.509s] INFO:colcon.colcon_core.shell:Creating environment descriptor '/home/krissso/master_ws/build/map/share/map/hook/pythonpath_develop.dsv'
[2.510s] DEBUG:colcon.colcon_core.event_handler.log_command:Invoked command in '/home/krissso/master_ws/build/map' returned '0': PYTHONPATH=/home/krissso/master_ws/install/map/lib/python3.6/site-packages:${PYTHONPATH} /usr/bin/python3 setup.py develop --prefix /home/krissso/master_ws/install/map --editable --build-directory /home/krissso/master_ws/build/map/build --no-deps install_data --install-dir /home/krissso/master_ws/install/map
[2.510s] INFO:colcon.colcon_core.shell:Creating environment hook '/home/krissso/master_ws/build/map/share/map/hook/pythonpath_develop.sh'
[2.513s] Level 1:colcon.colcon_core.environment:checking '/home/krissso/master_ws/install/map' for CMake module files
[2.514s] Level 1:colcon.colcon_core.environment:checking '/home/krissso/master_ws/install/map' for CMake config files
[2.515s] Level 1:colcon.colcon_core.environment:checking '/home/krissso/master_ws/install/map/lib'
[2.516s] Level 1:colcon.colcon_core.environment:checking '/home/krissso/master_ws/install/map/bin'
[2.516s] Level 1:colcon.colcon_core.environment:checking '/home/krissso/master_ws/install/map/lib/pkgconfig/map.pc'
[2.516s] Level 1:colcon.colcon_core.environment:checking '/home/krissso/master_ws/install/map/lib/python3.6/site-packages'
[2.516s] Level 1:colcon.colcon_core.shell:create_environment_hook('map', 'pythonpath')
[2.517s] INFO:colcon.colcon_core.shell:Creating environment hook '/home/krissso/master_ws/install/map/share/map/hook/pythonpath.ps1'
[2.518s] INFO:colcon.colcon_core.shell:Creating environment descriptor '/home/krissso/master_ws/install/map/share/map/hook/pythonpath.dsv'
[2.519s] INFO:colcon.colcon_core.shell:Creating environment hook '/home/krissso/master_ws/install/map/share/map/hook/pythonpath.sh'
[2.520s] Level 1:colcon.colcon_core.environment:create_environment_scripts_only(map)
[2.521s] INFO:colcon.colcon_core.shell:Creating package script '/home/krissso/master_ws/install/map/share/map/package.ps1'
[2.522s] INFO:colcon.colcon_core.shell:Creating package descriptor '/home/krissso/master_ws/install/map/share/map/package.dsv'
[2.523s] INFO:colcon.colcon_core.shell:Creating package script '/home/krissso/master_ws/install/map/share/map/package.sh'
[2.524s] INFO:colcon.colcon_core.shell:Creating package script '/home/krissso/master_ws/install/map/share/map/package.bash'
[2.524s] INFO:colcon.colcon_core.shell:Creating package script '/home/krissso/master_ws/install/map/share/map/package.zsh'
[2.525s] Level 1:colcon.colcon_core.environment:create_file_with_runtime_dependencies(/home/krissso/master_ws/install/map/share/colcon-core/packages/map)
[2.526s] INFO:colcon.colcon_ros.task.ament_python.build:Building ROS package in '/home/krissso/master_ws/src/move_test' with build type 'ament_python'
[2.527s] Level 1:colcon.colcon_core.shell:create_environment_hook('move_test', 'ament_prefix_path')
[2.528s] INFO:colcon.colcon_core.shell:Creating environment hook '/home/krissso/master_ws/install/move_test/share/move_test/hook/ament_prefix_path.ps1'
[2.533s] INFO:colcon.colcon_core.shell:Creating environment descriptor '/home/krissso/master_ws/install/move_test/share/move_test/hook/ament_prefix_path.dsv'
[2.534s] INFO:colcon.colcon_core.shell:Creating environment hook '/home/krissso/master_ws/install/move_test/share/move_test/hook/ament_prefix_path.sh'
[2.536s] INFO:colcon.colcon_core.shell:Skip shell extension 'powershell' for command environment: Not usable outside of PowerShell
[2.536s] DEBUG:colcon.colcon_core.shell:Skip shell extension 'dsv' for command environment
[2.543s] DEBUG:colcon.colcon_core.shell:Ignoring prefix path '/opt/ros/eloquent'
[2.982s] INFO:colcon.colcon_core.task.python.build:Building Python package in '/home/krissso/master_ws/src/move_test'
[2.984s] INFO:colcon.colcon_core.shell:Skip shell extension 'powershell' for command environment: Not usable outside of PowerShell
[2.984s] DEBUG:colcon.colcon_core.shell:Skip shell extension 'dsv' for command environment
[2.987s] DEBUG:colcon.colcon_core.shell:Ignoring prefix path '/opt/ros/eloquent'
[2.995s] DEBUG:colcon.colcon_core.event_handler.log_command:Invoking command in '/home/krissso/master_ws/build/move_test': PYTHONPATH=/home/krissso/master_ws/install/move_test/lib/python3.6/site-packages:${PYTHONPATH} /usr/bin/python3 setup.py develop --prefix /home/krissso/master_ws/install/move_test --editable --build-directory /home/krissso/master_ws/build/move_test/build --no-deps install_data --install-dir /home/krissso/master_ws/install/move_test
[3.702s] Level 1:colcon.colcon_core.shell:create_environment_hook('move_test', 'pythonpath_develop')
[3.704s] INFO:colcon.colcon_core.shell:Creating environment hook '/home/krissso/master_ws/build/move_test/share/move_test/hook/pythonpath_develop.ps1'
[3.705s] INFO:colcon.colcon_core.shell:Creating environment descriptor '/home/krissso/master_ws/build/move_test/share/move_test/hook/pythonpath_develop.dsv'
[3.706s] DEBUG:colcon.colcon_core.event_handler.log_command:Invoked command in '/home/krissso/master_ws/build/move_test' returned '0': PYTHONPATH=/home/krissso/master_ws/install/move_test/lib/python3.6/site-packages:${PYTHONPATH} /usr/bin/python3 setup.py develop --prefix /home/krissso/master_ws/install/move_test --editable --build-directory /home/krissso/master_ws/build/move_test/build --no-deps install_data --install-dir /home/krissso/master_ws/install/move_test
[3.706s] INFO:colcon.colcon_core.shell:Creating environment hook '/home/krissso/master_ws/build/move_test/share/move_test/hook/pythonpath_develop.sh'
[3.711s] Level 1:colcon.colcon_core.environment:checking '/home/krissso/master_ws/install/move_test' for CMake module files
[3.713s] Level 1:colcon.colcon_core.environment:checking '/home/krissso/master_ws/install/move_test' for CMake config files
[3.715s] Level 1:colcon.colcon_core.environment:checking '/home/krissso/master_ws/install/move_test/lib'
[3.715s] Level 1:colcon.colcon_core.environment:checking '/home/krissso/master_ws/install/move_test/bin'
[3.716s] Level 1:colcon.colcon_core.environment:checking '/home/krissso/master_ws/install/move_test/lib/pkgconfig/move_test.pc'
[3.716s] Level 1:colcon.colcon_core.environment:checking '/home/krissso/master_ws/install/move_test/lib/python3.6/site-packages'
[3.716s] Level 1:colcon.colcon_core.shell:create_environment_hook('move_test', 'pythonpath')
[3.718s] INFO:colcon.colcon_core.shell:Creating environment hook '/home/krissso/master_ws/install/move_test/share/move_test/hook/pythonpath.ps1'
[3.719s] INFO:colcon.colcon_core.shell:Creating environment descriptor '/home/krissso/master_ws/install/move_test/share/move_test/hook/pythonpath.dsv'
[3.720s] INFO:colcon.colcon_core.shell:Creating environment hook '/home/krissso/master_ws/install/move_test/share/move_test/hook/pythonpath.sh'
[3.721s] Level 1:colcon.colcon_core.environment:create_environment_scripts_only(move_test)
[3.724s] INFO:colcon.colcon_core.shell:Creating package script '/home/krissso/master_ws/install/move_test/share/move_test/package.ps1'
[3.726s] INFO:colcon.colcon_core.shell:Creating package descriptor '/home/krissso/master_ws/install/move_test/share/move_test/package.dsv'
[3.727s] INFO:colcon.colcon_core.shell:Creating package script '/home/krissso/master_ws/install/move_test/share/move_test/package.sh'
[3.729s] INFO:colcon.colcon_core.shell:Creating package script '/home/krissso/master_ws/install/move_test/share/move_test/package.bash'
[3.730s] INFO:colcon.colcon_core.shell:Creating package script '/home/krissso/master_ws/install/move_test/share/move_test/package.zsh'
[3.731s] Level 1:colcon.colcon_core.environment:create_file_with_runtime_dependencies(/home/krissso/master_ws/install/move_test/share/colcon-core/packages/move_test)
[3.733s] INFO:colcon.colcon_ros.task.ament_python.build:Building ROS package in '/home/krissso/master_ws/src/qr_reader' with build type 'ament_python'
[3.734s] Level 1:colcon.colcon_core.shell:create_environment_hook('qr_reader', 'ament_prefix_path')
[3.735s] INFO:colcon.colcon_core.shell:Creating environment hook '/home/krissso/master_ws/install/qr_reader/share/qr_reader/hook/ament_prefix_path.ps1'
[3.742s] INFO:colcon.colcon_core.shell:Creating environment descriptor '/home/krissso/master_ws/install/qr_reader/share/qr_reader/hook/ament_prefix_path.dsv'
[3.742s] INFO:colcon.colcon_core.shell:Creating environment hook '/home/krissso/master_ws/install/qr_reader/share/qr_reader/hook/ament_prefix_path.sh'
[3.744s] INFO:colcon.colcon_core.shell:Skip shell extension 'powershell' for command environment: Not usable outside of PowerShell
[3.744s] DEBUG:colcon.colcon_core.shell:Skip shell extension 'dsv' for command environment
[3.754s] DEBUG:colcon.colcon_core.shell:Ignoring prefix path '/opt/ros/eloquent'
[4.151s] INFO:colcon.colcon_core.task.python.build:Building Python package in '/home/krissso/master_ws/src/qr_reader'
[4.152s] INFO:colcon.colcon_core.shell:Skip shell extension 'powershell' for command environment: Not usable outside of PowerShell
[4.153s] DEBUG:colcon.colcon_core.shell:Skip shell extension 'dsv' for command environment
[4.157s] DEBUG:colcon.colcon_core.shell:Ignoring prefix path '/opt/ros/eloquent'
[4.166s] DEBUG:colcon.colcon_core.event_handler.log_command:Invoking command in '/home/krissso/master_ws/build/qr_reader': PYTHONPATH=/home/krissso/master_ws/install/qr_reader/lib/python3.6/site-packages:${PYTHONPATH} /usr/bin/python3 setup.py develop --prefix /home/krissso/master_ws/install/qr_reader --editable --build-directory /home/krissso/master_ws/build/qr_reader/build --no-deps install_data --install-dir /home/krissso/master_ws/install/qr_reader
[4.822s] Level 1:colcon.colcon_core.shell:create_environment_hook('qr_reader', 'pythonpath_develop')
[4.823s] INFO:colcon.colcon_core.shell:Creating environment hook '/home/krissso/master_ws/build/qr_reader/share/qr_reader/hook/pythonpath_develop.ps1'
[4.824s] INFO:colcon.colcon_core.shell:Creating environment descriptor '/home/krissso/master_ws/build/qr_reader/share/qr_reader/hook/pythonpath_develop.dsv'
[4.825s] INFO:colcon.colcon_core.shell:Creating environment hook '/home/krissso/master_ws/build/qr_reader/share/qr_reader/hook/pythonpath_develop.sh'
[4.825s] DEBUG:colcon.colcon_core.event_handler.log_command:Invoked command in '/home/krissso/master_ws/build/qr_reader' returned '0': PYTHONPATH=/home/krissso/master_ws/install/qr_reader/lib/python3.6/site-packages:${PYTHONPATH} /usr/bin/python3 setup.py develop --prefix /home/krissso/master_ws/install/qr_reader --editable --build-directory /home/krissso/master_ws/build/qr_reader/build --no-deps install_data --install-dir /home/krissso/master_ws/install/qr_reader
[4.827s] Level 1:colcon.colcon_core.environment:checking '/home/krissso/master_ws/install/qr_reader' for CMake module files
[4.828s] Level 1:colcon.colcon_core.environment:checking '/home/krissso/master_ws/install/qr_reader' for CMake config files
[4.829s] Level 1:colcon.colcon_core.environment:checking '/home/krissso/master_ws/install/qr_reader/lib'
[4.829s] Level 1:colcon.colcon_core.environment:checking '/home/krissso/master_ws/install/qr_reader/bin'
[4.829s] Level 1:colcon.colcon_core.environment:checking '/home/krissso/master_ws/install/qr_reader/lib/pkgconfig/qr_reader.pc'
[4.829s] Level 1:colcon.colcon_core.environment:checking '/home/krissso/master_ws/install/qr_reader/lib/python3.6/site-packages'
[4.830s] Level 1:colcon.colcon_core.shell:create_environment_hook('qr_reader', 'pythonpath')
[4.830s] INFO:colcon.colcon_core.shell:Creating environment hook '/home/krissso/master_ws/install/qr_reader/share/qr_reader/hook/pythonpath.ps1'
[4.831s] INFO:colcon.colcon_core.shell:Creating environment descriptor '/home/krissso/master_ws/install/qr_reader/share/qr_reader/hook/pythonpath.dsv'
[4.831s] INFO:colcon.colcon_core.shell:Creating environment hook '/home/krissso/master_ws/install/qr_reader/share/qr_reader/hook/pythonpath.sh'
[4.832s] Level 1:colcon.colcon_core.environment:create_environment_scripts_only(qr_reader)
[4.834s] INFO:colcon.colcon_core.shell:Creating package script '/home/krissso/master_ws/install/qr_reader/share/qr_reader/package.ps1'
[4.835s] INFO:colcon.colcon_core.shell:Creating package descriptor '/home/krissso/master_ws/install/qr_reader/share/qr_reader/package.dsv'
[4.835s] INFO:colcon.colcon_core.shell:Creating package script '/home/krissso/master_ws/install/qr_reader/share/qr_reader/package.sh'
[4.836s] INFO:colcon.colcon_core.shell:Creating package script '/home/krissso/master_ws/install/qr_reader/share/qr_reader/package.bash'
[4.836s] INFO:colcon.colcon_core.shell:Creating package script '/home/krissso/master_ws/install/qr_reader/share/qr_reader/package.zsh'
[4.837s] Level 1:colcon.colcon_core.environment:create_file_with_runtime_dependencies(/home/krissso/master_ws/install/qr_reader/share/colcon-core/packages/qr_reader)
[4.838s] INFO:colcon.colcon_ros.task.ament_python.build:Building ROS package in '/home/krissso/master_ws/src/range_sensors' with build type 'ament_python'
[4.838s] Level 1:colcon.colcon_core.shell:create_environment_hook('range_sensors', 'ament_prefix_path')
[4.839s] INFO:colcon.colcon_core.shell:Creating environment hook '/home/krissso/master_ws/install/range_sensors/share/range_sensors/hook/ament_prefix_path.ps1'
[4.840s] INFO:colcon.colcon_core.shell:Creating environment descriptor '/home/krissso/master_ws/install/range_sensors/share/range_sensors/hook/ament_prefix_path.dsv'
[4.840s] INFO:colcon.colcon_core.shell:Creating environment hook '/home/krissso/master_ws/install/range_sensors/share/range_sensors/hook/ament_prefix_path.sh'
[4.841s] INFO:colcon.colcon_core.shell:Skip shell extension 'powershell' for command environment: Not usable outside of PowerShell
[4.841s] DEBUG:colcon.colcon_core.shell:Skip shell extension 'dsv' for command environment
[4.853s] DEBUG:colcon.colcon_core.shell:Ignoring prefix path '/opt/ros/eloquent'
[5.105s] DEBUG:colcon.colcon_parallel_executor.executor.parallel:closing loop
[5.107s] DEBUG:colcon.colcon_parallel_executor.executor.parallel:loop closed
[5.107s] DEBUG:colcon.colcon_parallel_executor.executor.parallel:run_until_complete finished with 'Command '['/usr/bin/python3', '-c', "import sys;from distutils.core import run_setup;dist = run_setup(    'setup.py', script_args=('--dry-run',), stop_after='config');skip_keys = ('cmdclass', 'distclass', 'ext_modules', 'metadata');data = {    key: value for key, value in dist.__dict__.items()     if (        not key.startswith('_') and         not callable(value) and         key not in skip_keys and         key not in dist.display_option_names    )};data['metadata'] = {    k: v for k, v in dist.metadata.__dict__.items()     if k not in ('license_files', 'provides_extras')};sys.stdout.buffer.write(repr(data).encode('utf-8'))"]' returned non-zero exit status 1.'
[5.108s] DEBUG:colcon.colcon_core.event_reactor:joining thread
[5.118s] INFO:colcon.colcon_core.plugin_system:Skipping extension 'colcon_notification.desktop_notification.terminal_notifier': Not used on non-Darwin systems
[5.118s] INFO:colcon.colcon_core.plugin_system:Skipping extension 'colcon_notification.desktop_notification.win32': Not used on non-Windows systems
[5.118s] INFO:colcon.colcon_notification.desktop_notification:Sending desktop notification using 'notify2'
[5.125s] DEBUG:colcon.colcon_core.event_reactor:joined thread
[5.126s] INFO:colcon.colcon_core.shell:Creating prefix script '/home/krissso/master_ws/install/local_setup.ps1'
[5.129s] INFO:colcon.colcon_core.shell:Creating prefix util module '/home/krissso/master_ws/install/_local_setup_util_ps1.py'
[5.136s] INFO:colcon.colcon_core.shell:Creating prefix chain script '/home/krissso/master_ws/install/setup.ps1'
[5.148s] INFO:colcon.colcon_core.shell:Creating prefix script '/home/krissso/master_ws/install/local_setup.sh'
[5.154s] INFO:colcon.colcon_core.shell:Creating prefix util module '/home/krissso/master_ws/install/_local_setup_util_sh.py'
[5.155s] INFO:colcon.colcon_core.shell:Creating prefix chain script '/home/krissso/master_ws/install/setup.sh'
[5.163s] INFO:colcon.colcon_core.shell:Creating prefix script '/home/krissso/master_ws/install/local_setup.bash'
[5.164s] INFO:colcon.colcon_core.shell:Creating prefix chain script '/home/krissso/master_ws/install/setup.bash'
[5.172s] INFO:colcon.colcon_core.shell:Creating prefix script '/home/krissso/master_ws/install/local_setup.zsh'
[5.177s] INFO:colcon.colcon_core.shell:Creating prefix chain script '/home/krissso/master_ws/install/setup.zsh'
