[0.748s] DEBUG:colcon:Command line arguments: ['/usr/bin/colcon', 'build', '--symlink-instal']
[0.748s] DEBUG:colcon:Parsed command line arguments: Namespace(ament_cmake_args=None, base_paths=['.'], build_base='build', catkin_cmake_args=None, catkin_skip_building_tests=False, cmake_args=None, cmake_clean_cache=False, cmake_clean_first=False, cmake_force_configure=False, cmake_target=None, cmake_target_skip_unavailable=False, continue_on_error=False, event_handlers=None, executor='parallel', ignore_user_meta=False, install_base='install', log_base=None, log_level=None, main=<bound method BuildVerb.main of <colcon_core.verb.build.BuildVerb object at 0x7f5715c844e0>>, merge_install=False, metas=['./colcon.meta'], packages_above=None, packages_above_depth=None, packages_end=None, packages_ignore=None, packages_ignore_regex=None, packages_select=None, packages_select_build_failed=False, packages_select_by_dep=None, packages_select_regex=None, packages_select_test_failures=False, packages_skip=None, packages_skip_build_finished=False, packages_skip_by_dep=None, packages_skip_regex=None, packages_skip_test_passed=False, packages_skip_up_to=None, packages_start=None, packages_up_to=None, parallel_workers=1, paths=None, symlink_install=True, test_result_base=None, verb_extension=<colcon_core.verb.build.BuildVerb object at 0x7f5715c844e0>, verb_name='build', verb_parser=<colcon_defaults.argument_parser.defaults.DefaultArgumentsDecorator object at 0x7f5715c84828>)
[0.927s] Level 1:colcon.colcon_core.package_discovery:discover_packages(colcon_meta) check parameters
[0.927s] Level 1:colcon.colcon_core.package_discovery:discover_packages(recursive) check parameters
[0.927s] Level 1:colcon.colcon_core.package_discovery:discover_packages(ignore) check parameters
[0.927s] Level 1:colcon.colcon_core.package_discovery:discover_packages(path) check parameters
[0.928s] Level 1:colcon.colcon_core.package_discovery:discover_packages(colcon_meta) discover
[0.928s] Level 1:colcon.colcon_core.package_discovery:discover_packages(recursive) discover
[0.928s] INFO:colcon.colcon_core.package_discovery:Crawling recursively for packages in '/home/krissso/master_ws'
[0.928s] Level 1:colcon.colcon_core.package_identification:_identify(.) by extensions ['ignore', 'ignore_ament_install']
[0.929s] Level 1:colcon.colcon_core.package_identification:_identify(.) by extension 'ignore'
[0.929s] Level 1:colcon.colcon_core.package_identification:_identify(.) by extension 'ignore_ament_install'
[0.929s] Level 1:colcon.colcon_core.package_identification:_identify(.) by extensions ['colcon_pkg']
[0.929s] Level 1:colcon.colcon_core.package_identification:_identify(.) by extension 'colcon_pkg'
[0.929s] Level 1:colcon.colcon_core.package_identification:_identify(.) by extensions ['colcon_meta']
[0.929s] Level 1:colcon.colcon_core.package_identification:_identify(.) by extension 'colcon_meta'
[0.929s] Level 1:colcon.colcon_core.package_identification:_identify(.) by extensions ['ros']
[0.929s] Level 1:colcon.colcon_core.package_identification:_identify(.) by extension 'ros'
[0.979s] Level 1:colcon.colcon_core.package_identification:_identify(.) by extensions ['cmake', 'python']
[0.979s] Level 1:colcon.colcon_core.package_identification:_identify(.) by extension 'cmake'
[0.979s] Level 1:colcon.colcon_core.package_identification:_identify(.) by extension 'python'
[0.979s] Level 1:colcon.colcon_core.package_identification:_identify(.) by extensions ['python_setup_py']
[0.979s] Level 1:colcon.colcon_core.package_identification:_identify(.) by extension 'python_setup_py'
[0.979s] Level 1:colcon.colcon_core.package_identification:_identify(build) by extensions ['ignore', 'ignore_ament_install']
[0.980s] Level 1:colcon.colcon_core.package_identification:_identify(build) by extension 'ignore'
[0.980s] Level 1:colcon.colcon_core.package_identification:_identify(build) ignored
[0.980s] Level 1:colcon.colcon_core.package_identification:_identify(install) by extensions ['ignore', 'ignore_ament_install']
[0.981s] Level 1:colcon.colcon_core.package_identification:_identify(install) by extension 'ignore'
[0.981s] Level 1:colcon.colcon_core.package_identification:_identify(install) ignored
[0.981s] Level 1:colcon.colcon_core.package_identification:_identify(log) by extensions ['ignore', 'ignore_ament_install']
[0.981s] Level 1:colcon.colcon_core.package_identification:_identify(log) by extension 'ignore'
[0.981s] Level 1:colcon.colcon_core.package_identification:_identify(log) ignored
[0.981s] Level 1:colcon.colcon_core.package_identification:_identify(src) by extensions ['ignore', 'ignore_ament_install']
[0.982s] Level 1:colcon.colcon_core.package_identification:_identify(src) by extension 'ignore'
[0.982s] Level 1:colcon.colcon_core.package_identification:_identify(src) by extension 'ignore_ament_install'
[0.982s] Level 1:colcon.colcon_core.package_identification:_identify(src) by extensions ['colcon_pkg']
[0.982s] Level 1:colcon.colcon_core.package_identification:_identify(src) by extension 'colcon_pkg'
[0.982s] Level 1:colcon.colcon_core.package_identification:_identify(src) by extensions ['colcon_meta']
[0.982s] Level 1:colcon.colcon_core.package_identification:_identify(src) by extension 'colcon_meta'
[0.982s] Level 1:colcon.colcon_core.package_identification:_identify(src) by extensions ['ros']
[0.983s] Level 1:colcon.colcon_core.package_identification:_identify(src) by extension 'ros'
[0.983s] Level 1:colcon.colcon_core.package_identification:_identify(src) by extensions ['cmake', 'python']
[0.983s] Level 1:colcon.colcon_core.package_identification:_identify(src) by extension 'cmake'
[0.983s] Level 1:colcon.colcon_core.package_identification:_identify(src) by extension 'python'
[0.983s] Level 1:colcon.colcon_core.package_identification:_identify(src) by extensions ['python_setup_py']
[0.983s] Level 1:colcon.colcon_core.package_identification:_identify(src) by extension 'python_setup_py'
[0.983s] Level 1:colcon.colcon_core.package_identification:_identify(src/intel_realsense) by extensions ['ignore', 'ignore_ament_install']
[0.984s] Level 1:colcon.colcon_core.package_identification:_identify(src/intel_realsense) by extension 'ignore'
[0.984s] Level 1:colcon.colcon_core.package_identification:_identify(src/intel_realsense) by extension 'ignore_ament_install'
[0.984s] Level 1:colcon.colcon_core.package_identification:_identify(src/intel_realsense) by extensions ['colcon_pkg']
[0.984s] Level 1:colcon.colcon_core.package_identification:_identify(src/intel_realsense) by extension 'colcon_pkg'
[0.984s] Level 1:colcon.colcon_core.package_identification:_identify(src/intel_realsense) by extensions ['colcon_meta']
[0.984s] Level 1:colcon.colcon_core.package_identification:_identify(src/intel_realsense) by extension 'colcon_meta'
[0.984s] Level 1:colcon.colcon_core.package_identification:_identify(src/intel_realsense) by extensions ['ros']
[0.984s] Level 1:colcon.colcon_core.package_identification:_identify(src/intel_realsense) by extension 'ros'
[0.993s] DEBUG:colcon.colcon_core.package_identification:Package 'src/intel_realsense' with type 'ros.ament_python' and name 'intel_realsense'
[0.993s] Level 1:colcon.colcon_core.package_identification:_identify(src/map) by extensions ['ignore', 'ignore_ament_install']
[0.993s] Level 1:colcon.colcon_core.package_identification:_identify(src/map) by extension 'ignore'
[0.993s] Level 1:colcon.colcon_core.package_identification:_identify(src/map) by extension 'ignore_ament_install'
[0.993s] Level 1:colcon.colcon_core.package_identification:_identify(src/map) by extensions ['colcon_pkg']
[0.994s] Level 1:colcon.colcon_core.package_identification:_identify(src/map) by extension 'colcon_pkg'
[0.994s] Level 1:colcon.colcon_core.package_identification:_identify(src/map) by extensions ['colcon_meta']
[0.994s] Level 1:colcon.colcon_core.package_identification:_identify(src/map) by extension 'colcon_meta'
[0.994s] Level 1:colcon.colcon_core.package_identification:_identify(src/map) by extensions ['ros']
[0.994s] Level 1:colcon.colcon_core.package_identification:_identify(src/map) by extension 'ros'
[0.996s] DEBUG:colcon.colcon_core.package_identification:Package 'src/map' with type 'ros.ament_python' and name 'map'
[0.996s] Level 1:colcon.colcon_core.package_identification:_identify(src/move_test) by extensions ['ignore', 'ignore_ament_install']
[0.997s] Level 1:colcon.colcon_core.package_identification:_identify(src/move_test) by extension 'ignore'
[0.997s] Level 1:colcon.colcon_core.package_identification:_identify(src/move_test) by extension 'ignore_ament_install'
[0.997s] Level 1:colcon.colcon_core.package_identification:_identify(src/move_test) by extensions ['colcon_pkg']
[0.997s] Level 1:colcon.colcon_core.package_identification:_identify(src/move_test) by extension 'colcon_pkg'
[0.997s] Level 1:colcon.colcon_core.package_identification:_identify(src/move_test) by extensions ['colcon_meta']
[0.997s] Level 1:colcon.colcon_core.package_identification:_identify(src/move_test) by extension 'colcon_meta'
[0.997s] Level 1:colcon.colcon_core.package_identification:_identify(src/move_test) by extensions ['ros']
[0.997s] Level 1:colcon.colcon_core.package_identification:_identify(src/move_test) by extension 'ros'
[1.000s] DEBUG:colcon.colcon_core.package_identification:Package 'src/move_test' with type 'ros.ament_python' and name 'move_test'
[1.000s] Level 1:colcon.colcon_core.package_identification:_identify(src/qr_reader) by extensions ['ignore', 'ignore_ament_install']
[1.000s] Level 1:colcon.colcon_core.package_identification:_identify(src/qr_reader) by extension 'ignore'
[1.000s] Level 1:colcon.colcon_core.package_identification:_identify(src/qr_reader) by extension 'ignore_ament_install'
[1.000s] Level 1:colcon.colcon_core.package_identification:_identify(src/qr_reader) by extensions ['colcon_pkg']
[1.000s] Level 1:colcon.colcon_core.package_identification:_identify(src/qr_reader) by extension 'colcon_pkg'
[1.001s] Level 1:colcon.colcon_core.package_identification:_identify(src/qr_reader) by extensions ['colcon_meta']
[1.001s] Level 1:colcon.colcon_core.package_identification:_identify(src/qr_reader) by extension 'colcon_meta'
[1.001s] Level 1:colcon.colcon_core.package_identification:_identify(src/qr_reader) by extensions ['ros']
[1.001s] Level 1:colcon.colcon_core.package_identification:_identify(src/qr_reader) by extension 'ros'
[1.004s] DEBUG:colcon.colcon_core.package_identification:Package 'src/qr_reader' with type 'ros.ament_python' and name 'qr_reader'
[1.004s] Level 1:colcon.colcon_core.package_identification:_identify(src/range_sensors) by extensions ['ignore', 'ignore_ament_install']
[1.004s] Level 1:colcon.colcon_core.package_identification:_identify(src/range_sensors) by extension 'ignore'
[1.004s] Level 1:colcon.colcon_core.package_identification:_identify(src/range_sensors) by extension 'ignore_ament_install'
[1.004s] Level 1:colcon.colcon_core.package_identification:_identify(src/range_sensors) by extensions ['colcon_pkg']
[1.004s] Level 1:colcon.colcon_core.package_identification:_identify(src/range_sensors) by extension 'colcon_pkg'
[1.005s] Level 1:colcon.colcon_core.package_identification:_identify(src/range_sensors) by extensions ['colcon_meta']
[1.005s] Level 1:colcon.colcon_core.package_identification:_identify(src/range_sensors) by extension 'colcon_meta'
[1.005s] Level 1:colcon.colcon_core.package_identification:_identify(src/range_sensors) by extensions ['ros']
[1.005s] Level 1:colcon.colcon_core.package_identification:_identify(src/range_sensors) by extension 'ros'
[1.007s] DEBUG:colcon.colcon_core.package_identification:Package 'src/range_sensors' with type 'ros.ament_python' and name 'range_sensors'
[1.007s] Level 1:colcon.colcon_core.package_identification:_identify(src/visualization) by extensions ['ignore', 'ignore_ament_install']
[1.007s] Level 1:colcon.colcon_core.package_identification:_identify(src/visualization) by extension 'ignore'
[1.007s] Level 1:colcon.colcon_core.package_identification:_identify(src/visualization) by extension 'ignore_ament_install'
[1.007s] Level 1:colcon.colcon_core.package_identification:_identify(src/visualization) by extensions ['colcon_pkg']
[1.007s] Level 1:colcon.colcon_core.package_identification:_identify(src/visualization) by extension 'colcon_pkg'
[1.008s] Level 1:colcon.colcon_core.package_identification:_identify(src/visualization) by extensions ['colcon_meta']
[1.008s] Level 1:colcon.colcon_core.package_identification:_identify(src/visualization) by extension 'colcon_meta'
[1.008s] Level 1:colcon.colcon_core.package_identification:_identify(src/visualization) by extensions ['ros']
[1.008s] Level 1:colcon.colcon_core.package_identification:_identify(src/visualization) by extension 'ros'
[1.009s] DEBUG:colcon.colcon_core.package_identification:Package 'src/visualization' with type 'ros.ament_cmake' and name 'visualization'
[1.010s] Level 1:colcon.colcon_core.package_discovery:discover_packages(recursive) using defaults
[1.010s] Level 1:colcon.colcon_core.package_discovery:discover_packages(ignore) discover
[1.010s] Level 1:colcon.colcon_core.package_discovery:discover_packages(ignore) using defaults
[1.010s] Level 1:colcon.colcon_core.package_discovery:discover_packages(path) discover
[1.010s] Level 1:colcon.colcon_core.package_discovery:discover_packages(path) using defaults
[1.027s] Level 5:colcon.colcon_core.verb:set package 'intel_realsense' build argument 'cmake_args' from command line to 'None'
[1.027s] Level 5:colcon.colcon_core.verb:set package 'intel_realsense' build argument 'cmake_target' from command line to 'None'
[1.027s] Level 5:colcon.colcon_core.verb:set package 'intel_realsense' build argument 'cmake_target_skip_unavailable' from command line to 'False'
[1.027s] Level 5:colcon.colcon_core.verb:set package 'intel_realsense' build argument 'cmake_clean_cache' from command line to 'False'
[1.027s] Level 5:colcon.colcon_core.verb:set package 'intel_realsense' build argument 'cmake_clean_first' from command line to 'False'
[1.027s] Level 5:colcon.colcon_core.verb:set package 'intel_realsense' build argument 'cmake_force_configure' from command line to 'False'
[1.027s] Level 5:colcon.colcon_core.verb:set package 'intel_realsense' build argument 'ament_cmake_args' from command line to 'None'
[1.028s] Level 5:colcon.colcon_core.verb:set package 'intel_realsense' build argument 'catkin_cmake_args' from command line to 'None'
[1.028s] Level 5:colcon.colcon_core.verb:set package 'intel_realsense' build argument 'catkin_skip_building_tests' from command line to 'False'
[1.028s] DEBUG:colcon.colcon_core.verb:Building package 'intel_realsense' with the following arguments: {'ament_cmake_args': None, 'build_base': '/home/krissso/master_ws/build/intel_realsense', 'catkin_cmake_args': None, 'catkin_skip_building_tests': False, 'cmake_args': None, 'cmake_clean_cache': False, 'cmake_clean_first': False, 'cmake_force_configure': False, 'cmake_target': None, 'cmake_target_skip_unavailable': False, 'install_base': '/home/krissso/master_ws/install/intel_realsense', 'merge_install': False, 'path': '/home/krissso/master_ws/src/intel_realsense', 'symlink_install': True, 'test_result_base': None}
[1.035s] Level 5:colcon.colcon_core.verb:set package 'map' build argument 'cmake_args' from command line to 'None'
[1.036s] Level 5:colcon.colcon_core.verb:set package 'map' build argument 'cmake_target' from command line to 'None'
[1.036s] Level 5:colcon.colcon_core.verb:set package 'map' build argument 'cmake_target_skip_unavailable' from command line to 'False'
[1.036s] Level 5:colcon.colcon_core.verb:set package 'map' build argument 'cmake_clean_cache' from command line to 'False'
[1.036s] Level 5:colcon.colcon_core.verb:set package 'map' build argument 'cmake_clean_first' from command line to 'False'
[1.036s] Level 5:colcon.colcon_core.verb:set package 'map' build argument 'cmake_force_configure' from command line to 'False'
[1.036s] Level 5:colcon.colcon_core.verb:set package 'map' build argument 'ament_cmake_args' from command line to 'None'
[1.036s] Level 5:colcon.colcon_core.verb:set package 'map' build argument 'catkin_cmake_args' from command line to 'None'
[1.036s] Level 5:colcon.colcon_core.verb:set package 'map' build argument 'catkin_skip_building_tests' from command line to 'False'
[1.036s] DEBUG:colcon.colcon_core.verb:Building package 'map' with the following arguments: {'ament_cmake_args': None, 'build_base': '/home/krissso/master_ws/build/map', 'catkin_cmake_args': None, 'catkin_skip_building_tests': False, 'cmake_args': None, 'cmake_clean_cache': False, 'cmake_clean_first': False, 'cmake_force_configure': False, 'cmake_target': None, 'cmake_target_skip_unavailable': False, 'install_base': '/home/krissso/master_ws/install/map', 'merge_install': False, 'path': '/home/krissso/master_ws/src/map', 'symlink_install': True, 'test_result_base': None}
[1.044s] Level 5:colcon.colcon_core.verb:set package 'move_test' build argument 'cmake_args' from command line to 'None'
[1.044s] Level 5:colcon.colcon_core.verb:set package 'move_test' build argument 'cmake_target' from command line to 'None'
[1.044s] Level 5:colcon.colcon_core.verb:set package 'move_test' build argument 'cmake_target_skip_unavailable' from command line to 'False'
[1.044s] Level 5:colcon.colcon_core.verb:set package 'move_test' build argument 'cmake_clean_cache' from command line to 'False'
[1.044s] Level 5:colcon.colcon_core.verb:set package 'move_test' build argument 'cmake_clean_first' from command line to 'False'
[1.044s] Level 5:colcon.colcon_core.verb:set package 'move_test' build argument 'cmake_force_configure' from command line to 'False'
[1.045s] Level 5:colcon.colcon_core.verb:set package 'move_test' build argument 'ament_cmake_args' from command line to 'None'
[1.045s] Level 5:colcon.colcon_core.verb:set package 'move_test' build argument 'catkin_cmake_args' from command line to 'None'
[1.045s] Level 5:colcon.colcon_core.verb:set package 'move_test' build argument 'catkin_skip_building_tests' from command line to 'False'
[1.045s] DEBUG:colcon.colcon_core.verb:Building package 'move_test' with the following arguments: {'ament_cmake_args': None, 'build_base': '/home/krissso/master_ws/build/move_test', 'catkin_cmake_args': None, 'catkin_skip_building_tests': False, 'cmake_args': None, 'cmake_clean_cache': False, 'cmake_clean_first': False, 'cmake_force_configure': False, 'cmake_target': None, 'cmake_target_skip_unavailable': False, 'install_base': '/home/krissso/master_ws/install/move_test', 'merge_install': False, 'path': '/home/krissso/master_ws/src/move_test', 'symlink_install': True, 'test_result_base': None}
[1.053s] Level 5:colcon.colcon_core.verb:set package 'qr_reader' build argument 'cmake_args' from command line to 'None'
[1.053s] Level 5:colcon.colcon_core.verb:set package 'qr_reader' build argument 'cmake_target' from command line to 'None'
[1.053s] Level 5:colcon.colcon_core.verb:set package 'qr_reader' build argument 'cmake_target_skip_unavailable' from command line to 'False'
[1.053s] Level 5:colcon.colcon_core.verb:set package 'qr_reader' build argument 'cmake_clean_cache' from command line to 'False'
[1.053s] Level 5:colcon.colcon_core.verb:set package 'qr_reader' build argument 'cmake_clean_first' from command line to 'False'
[1.053s] Level 5:colcon.colcon_core.verb:set package 'qr_reader' build argument 'cmake_force_configure' from command line to 'False'
[1.053s] Level 5:colcon.colcon_core.verb:set package 'qr_reader' build argument 'ament_cmake_args' from command line to 'None'
[1.053s] Level 5:colcon.colcon_core.verb:set package 'qr_reader' build argument 'catkin_cmake_args' from command line to 'None'
[1.053s] Level 5:colcon.colcon_core.verb:set package 'qr_reader' build argument 'catkin_skip_building_tests' from command line to 'False'
[1.053s] DEBUG:colcon.colcon_core.verb:Building package 'qr_reader' with the following arguments: {'ament_cmake_args': None, 'build_base': '/home/krissso/master_ws/build/qr_reader', 'catkin_cmake_args': None, 'catkin_skip_building_tests': False, 'cmake_args': None, 'cmake_clean_cache': False, 'cmake_clean_first': False, 'cmake_force_configure': False, 'cmake_target': None, 'cmake_target_skip_unavailable': False, 'install_base': '/home/krissso/master_ws/install/qr_reader', 'merge_install': False, 'path': '/home/krissso/master_ws/src/qr_reader', 'symlink_install': True, 'test_result_base': None}
[1.061s] Level 5:colcon.colcon_core.verb:set package 'range_sensors' build argument 'cmake_args' from command line to 'None'
[1.061s] Level 5:colcon.colcon_core.verb:set package 'range_sensors' build argument 'cmake_target' from command line to 'None'
[1.061s] Level 5:colcon.colcon_core.verb:set package 'range_sensors' build argument 'cmake_target_skip_unavailable' from command line to 'False'
[1.061s] Level 5:colcon.colcon_core.verb:set package 'range_sensors' build argument 'cmake_clean_cache' from command line to 'False'
[1.061s] Level 5:colcon.colcon_core.verb:set package 'range_sensors' build argument 'cmake_clean_first' from command line to 'False'
[1.061s] Level 5:colcon.colcon_core.verb:set package 'range_sensors' build argument 'cmake_force_configure' from command line to 'False'
[1.061s] Level 5:colcon.colcon_core.verb:set package 'range_sensors' build argument 'ament_cmake_args' from command line to 'None'
[1.061s] Level 5:colcon.colcon_core.verb:set package 'range_sensors' build argument 'catkin_cmake_args' from command line to 'None'
[1.062s] Level 5:colcon.colcon_core.verb:set package 'range_sensors' build argument 'catkin_skip_building_tests' from command line to 'False'
[1.062s] DEBUG:colcon.colcon_core.verb:Building package 'range_sensors' with the following arguments: {'ament_cmake_args': None, 'build_base': '/home/krissso/master_ws/build/range_sensors', 'catkin_cmake_args': None, 'catkin_skip_building_tests': False, 'cmake_args': None, 'cmake_clean_cache': False, 'cmake_clean_first': False, 'cmake_force_configure': False, 'cmake_target': None, 'cmake_target_skip_unavailable': False, 'install_base': '/home/krissso/master_ws/install/range_sensors', 'merge_install': False, 'path': '/home/krissso/master_ws/src/range_sensors', 'symlink_install': True, 'test_result_base': None}
[1.069s] Level 5:colcon.colcon_core.verb:set package 'visualization' build argument 'cmake_args' from command line to 'None'
[1.069s] Level 5:colcon.colcon_core.verb:set package 'visualization' build argument 'cmake_target' from command line to 'None'
[1.069s] Level 5:colcon.colcon_core.verb:set package 'visualization' build argument 'cmake_target_skip_unavailable' from command line to 'False'
[1.069s] Level 5:colcon.colcon_core.verb:set package 'visualization' build argument 'cmake_clean_cache' from command line to 'False'
[1.069s] Level 5:colcon.colcon_core.verb:set package 'visualization' build argument 'cmake_clean_first' from command line to 'False'
[1.070s] Level 5:colcon.colcon_core.verb:set package 'visualization' build argument 'cmake_force_configure' from command line to 'False'
[1.070s] Level 5:colcon.colcon_core.verb:set package 'visualization' build argument 'ament_cmake_args' from command line to 'None'
[1.070s] Level 5:colcon.colcon_core.verb:set package 'visualization' build argument 'catkin_cmake_args' from command line to 'None'
[1.070s] Level 5:colcon.colcon_core.verb:set package 'visualization' build argument 'catkin_skip_building_tests' from command line to 'False'
[1.070s] DEBUG:colcon.colcon_core.verb:Building package 'visualization' with the following arguments: {'ament_cmake_args': None, 'build_base': '/home/krissso/master_ws/build/visualization', 'catkin_cmake_args': None, 'catkin_skip_building_tests': False, 'cmake_args': None, 'cmake_clean_cache': False, 'cmake_clean_first': False, 'cmake_force_configure': False, 'cmake_target': None, 'cmake_target_skip_unavailable': False, 'install_base': '/home/krissso/master_ws/install/visualization', 'merge_install': False, 'path': '/home/krissso/master_ws/src/visualization', 'symlink_install': True, 'test_result_base': None}
[1.071s] INFO:colcon.colcon_core.executor:Executing jobs using 'parallel' executor
[1.075s] DEBUG:colcon.colcon_parallel_executor.executor.parallel:run_until_complete
[1.075s] INFO:colcon.colcon_ros.task.ament_python.build:Building ROS package in '/home/krissso/master_ws/src/intel_realsense' with build type 'ament_python'
[1.075s] Level 1:colcon.colcon_core.shell:create_environment_hook('intel_realsense', 'ament_prefix_path')
[1.096s] INFO:colcon.colcon_core.plugin_system:Skipping extension 'colcon_core.shell.bat': Not used on non-Windows systems
[1.097s] INFO:colcon.colcon_core.shell:Creating environment hook '/home/krissso/master_ws/install/intel_realsense/share/intel_realsense/hook/ament_prefix_path.ps1'
[1.102s] INFO:colcon.colcon_core.shell:Creating environment descriptor '/home/krissso/master_ws/install/intel_realsense/share/intel_realsense/hook/ament_prefix_path.dsv'
[1.105s] INFO:colcon.colcon_core.shell:Creating environment hook '/home/krissso/master_ws/install/intel_realsense/share/intel_realsense/hook/ament_prefix_path.sh'
[1.112s] INFO:colcon.colcon_core.shell:Skip shell extension 'powershell' for command environment: Not usable outside of PowerShell
[1.112s] DEBUG:colcon.colcon_core.shell:Skip shell extension 'dsv' for command environment
[1.157s] DEBUG:colcon.colcon_core.shell:Ignoring prefix path '/opt/ros/eloquent'
[1.840s] INFO:colcon.colcon_core.task.python.build:Building Python package in '/home/krissso/master_ws/src/intel_realsense'
[1.842s] INFO:colcon.colcon_core.shell:Skip shell extension 'powershell' for command environment: Not usable outside of PowerShell
[1.843s] DEBUG:colcon.colcon_core.shell:Skip shell extension 'dsv' for command environment
[1.847s] DEBUG:colcon.colcon_core.shell:Ignoring prefix path '/opt/ros/eloquent'
[1.865s] DEBUG:colcon.colcon_core.event_handler.log_command:Invoking command in '/home/krissso/master_ws/build/intel_realsense': PYTHONPATH=/home/krissso/master_ws/install/intel_realsense/lib/python3.6/site-packages:${PYTHONPATH} /usr/bin/python3 setup.py develop --prefix /home/krissso/master_ws/install/intel_realsense --editable --build-directory /home/krissso/master_ws/build/intel_realsense/build --no-deps install_data --install-dir /home/krissso/master_ws/install/intel_realsense
[2.917s] Level 1:colcon.colcon_core.shell:create_environment_hook('intel_realsense', 'pythonpath_develop')
[2.919s] INFO:colcon.colcon_core.shell:Creating environment hook '/home/krissso/master_ws/build/intel_realsense/share/intel_realsense/hook/pythonpath_develop.ps1'
[2.920s] DEBUG:colcon.colcon_core.event_handler.log_command:Invoked command in '/home/krissso/master_ws/build/intel_realsense' returned '0': PYTHONPATH=/home/krissso/master_ws/install/intel_realsense/lib/python3.6/site-packages:${PYTHONPATH} /usr/bin/python3 setup.py develop --prefix /home/krissso/master_ws/install/intel_realsense --editable --build-directory /home/krissso/master_ws/build/intel_realsense/build --no-deps install_data --install-dir /home/krissso/master_ws/install/intel_realsense
[2.923s] INFO:colcon.colcon_core.shell:Creating environment descriptor '/home/krissso/master_ws/build/intel_realsense/share/intel_realsense/hook/pythonpath_develop.dsv'
[2.924s] INFO:colcon.colcon_core.shell:Creating environment hook '/home/krissso/master_ws/build/intel_realsense/share/intel_realsense/hook/pythonpath_develop.sh'
[2.966s] Level 1:colcon.colcon_core.environment:checking '/home/krissso/master_ws/install/intel_realsense' for CMake module files
[2.967s] Level 1:colcon.colcon_core.environment:checking '/home/krissso/master_ws/install/intel_realsense' for CMake config files
[2.970s] Level 1:colcon.colcon_core.environment:checking '/home/krissso/master_ws/install/intel_realsense/lib'
[2.971s] Level 1:colcon.colcon_core.environment:checking '/home/krissso/master_ws/install/intel_realsense/bin'
[2.971s] Level 1:colcon.colcon_core.environment:checking '/home/krissso/master_ws/install/intel_realsense/lib/pkgconfig/intel_realsense.pc'
[2.971s] Level 1:colcon.colcon_core.environment:checking '/home/krissso/master_ws/install/intel_realsense/lib/python3.6/site-packages'
[2.971s] Level 1:colcon.colcon_core.shell:create_environment_hook('intel_realsense', 'pythonpath')
[2.973s] INFO:colcon.colcon_core.shell:Creating environment hook '/home/krissso/master_ws/install/intel_realsense/share/intel_realsense/hook/pythonpath.ps1'
[2.974s] INFO:colcon.colcon_core.shell:Creating environment descriptor '/home/krissso/master_ws/install/intel_realsense/share/intel_realsense/hook/pythonpath.dsv'
[2.975s] INFO:colcon.colcon_core.shell:Creating environment hook '/home/krissso/master_ws/install/intel_realsense/share/intel_realsense/hook/pythonpath.sh'
[2.976s] Level 1:colcon.colcon_core.environment:create_environment_scripts_only(intel_realsense)
[2.978s] INFO:colcon.colcon_core.shell:Creating package script '/home/krissso/master_ws/install/intel_realsense/share/intel_realsense/package.ps1'
[2.982s] INFO:colcon.colcon_core.shell:Creating package descriptor '/home/krissso/master_ws/install/intel_realsense/share/intel_realsense/package.dsv'
[2.984s] INFO:colcon.colcon_core.shell:Creating package script '/home/krissso/master_ws/install/intel_realsense/share/intel_realsense/package.sh'
[2.987s] INFO:colcon.colcon_core.shell:Creating package script '/home/krissso/master_ws/install/intel_realsense/share/intel_realsense/package.bash'
[2.995s] INFO:colcon.colcon_core.shell:Creating package script '/home/krissso/master_ws/install/intel_realsense/share/intel_realsense/package.zsh'
[2.999s] Level 1:colcon.colcon_core.environment:create_file_with_runtime_dependencies(/home/krissso/master_ws/install/intel_realsense/share/colcon-core/packages/intel_realsense)
[3.002s] INFO:colcon.colcon_ros.task.ament_python.build:Building ROS package in '/home/krissso/master_ws/src/map' with build type 'ament_python'
[3.002s] Level 1:colcon.colcon_core.shell:create_environment_hook('map', 'ament_prefix_path')
[3.005s] INFO:colcon.colcon_core.shell:Creating environment hook '/home/krissso/master_ws/install/map/share/map/hook/ament_prefix_path.ps1'
[3.008s] INFO:colcon.colcon_core.shell:Creating environment descriptor '/home/krissso/master_ws/install/map/share/map/hook/ament_prefix_path.dsv'
[3.009s] INFO:colcon.colcon_core.shell:Creating environment hook '/home/krissso/master_ws/install/map/share/map/hook/ament_prefix_path.sh'
[3.011s] INFO:colcon.colcon_core.shell:Skip shell extension 'powershell' for command environment: Not usable outside of PowerShell
[3.012s] DEBUG:colcon.colcon_core.shell:Skip shell extension 'dsv' for command environment
[3.016s] DEBUG:colcon.colcon_core.shell:Ignoring prefix path '/opt/ros/eloquent'
[3.551s] INFO:colcon.colcon_core.task.python.build:Building Python package in '/home/krissso/master_ws/src/map'
[3.553s] INFO:colcon.colcon_core.shell:Skip shell extension 'powershell' for command environment: Not usable outside of PowerShell
[3.553s] DEBUG:colcon.colcon_core.shell:Skip shell extension 'dsv' for command environment
[3.560s] DEBUG:colcon.colcon_core.shell:Ignoring prefix path '/opt/ros/eloquent'
[3.572s] DEBUG:colcon.colcon_core.event_handler.log_command:Invoking command in '/home/krissso/master_ws/build/map': PYTHONPATH=/home/krissso/master_ws/install/map/lib/python3.6/site-packages:${PYTHONPATH} /usr/bin/python3 setup.py develop --prefix /home/krissso/master_ws/install/map --editable --build-directory /home/krissso/master_ws/build/map/build --no-deps install_data --install-dir /home/krissso/master_ws/install/map
[4.520s] Level 1:colcon.colcon_core.shell:create_environment_hook('map', 'pythonpath_develop')
[4.523s] INFO:colcon.colcon_core.shell:Creating environment hook '/home/krissso/master_ws/build/map/share/map/hook/pythonpath_develop.ps1'
[4.524s] DEBUG:colcon.colcon_core.event_handler.log_command:Invoked command in '/home/krissso/master_ws/build/map' returned '0': PYTHONPATH=/home/krissso/master_ws/install/map/lib/python3.6/site-packages:${PYTHONPATH} /usr/bin/python3 setup.py develop --prefix /home/krissso/master_ws/install/map --editable --build-directory /home/krissso/master_ws/build/map/build --no-deps install_data --install-dir /home/krissso/master_ws/install/map
[4.527s] INFO:colcon.colcon_core.shell:Creating environment descriptor '/home/krissso/master_ws/build/map/share/map/hook/pythonpath_develop.dsv'
[4.528s] INFO:colcon.colcon_core.shell:Creating environment hook '/home/krissso/master_ws/build/map/share/map/hook/pythonpath_develop.sh'
[4.531s] Level 1:colcon.colcon_core.environment:checking '/home/krissso/master_ws/install/map' for CMake module files
[4.532s] Level 1:colcon.colcon_core.environment:checking '/home/krissso/master_ws/install/map' for CMake config files
[4.535s] Level 1:colcon.colcon_core.environment:checking '/home/krissso/master_ws/install/map/lib'
[4.536s] Level 1:colcon.colcon_core.environment:checking '/home/krissso/master_ws/install/map/bin'
[4.536s] Level 1:colcon.colcon_core.environment:checking '/home/krissso/master_ws/install/map/lib/pkgconfig/map.pc'
[4.536s] Level 1:colcon.colcon_core.environment:checking '/home/krissso/master_ws/install/map/lib/python3.6/site-packages'
[4.536s] Level 1:colcon.colcon_core.shell:create_environment_hook('map', 'pythonpath')
[4.538s] INFO:colcon.colcon_core.shell:Creating environment hook '/home/krissso/master_ws/install/map/share/map/hook/pythonpath.ps1'
[4.538s] INFO:colcon.colcon_core.shell:Creating environment descriptor '/home/krissso/master_ws/install/map/share/map/hook/pythonpath.dsv'
[4.539s] INFO:colcon.colcon_core.shell:Creating environment hook '/home/krissso/master_ws/install/map/share/map/hook/pythonpath.sh'
[4.540s] Level 1:colcon.colcon_core.environment:create_environment_scripts_only(map)
[4.542s] INFO:colcon.colcon_core.shell:Creating package script '/home/krissso/master_ws/install/map/share/map/package.ps1'
[4.543s] INFO:colcon.colcon_core.shell:Creating package descriptor '/home/krissso/master_ws/install/map/share/map/package.dsv'
[4.544s] INFO:colcon.colcon_core.shell:Creating package script '/home/krissso/master_ws/install/map/share/map/package.sh'
[4.545s] INFO:colcon.colcon_core.shell:Creating package script '/home/krissso/master_ws/install/map/share/map/package.bash'
[4.546s] INFO:colcon.colcon_core.shell:Creating package script '/home/krissso/master_ws/install/map/share/map/package.zsh'
[4.546s] Level 1:colcon.colcon_core.environment:create_file_with_runtime_dependencies(/home/krissso/master_ws/install/map/share/colcon-core/packages/map)
[4.548s] INFO:colcon.colcon_ros.task.ament_python.build:Building ROS package in '/home/krissso/master_ws/src/move_test' with build type 'ament_python'
[4.548s] Level 1:colcon.colcon_core.shell:create_environment_hook('move_test', 'ament_prefix_path')
[4.550s] INFO:colcon.colcon_core.shell:Creating environment hook '/home/krissso/master_ws/install/move_test/share/move_test/hook/ament_prefix_path.ps1'
[4.553s] INFO:colcon.colcon_core.shell:Creating environment descriptor '/home/krissso/master_ws/install/move_test/share/move_test/hook/ament_prefix_path.dsv'
[4.554s] INFO:colcon.colcon_core.shell:Creating environment hook '/home/krissso/master_ws/install/move_test/share/move_test/hook/ament_prefix_path.sh'
[4.556s] INFO:colcon.colcon_core.shell:Skip shell extension 'powershell' for command environment: Not usable outside of PowerShell
[4.556s] DEBUG:colcon.colcon_core.shell:Skip shell extension 'dsv' for command environment
[4.565s] DEBUG:colcon.colcon_core.shell:Ignoring prefix path '/opt/ros/eloquent'
[5.082s] INFO:colcon.colcon_core.task.python.build:Building Python package in '/home/krissso/master_ws/src/move_test'
[5.084s] INFO:colcon.colcon_core.shell:Skip shell extension 'powershell' for command environment: Not usable outside of PowerShell
[5.084s] DEBUG:colcon.colcon_core.shell:Skip shell extension 'dsv' for command environment
[5.088s] DEBUG:colcon.colcon_core.shell:Ignoring prefix path '/opt/ros/eloquent'
[5.109s] DEBUG:colcon.colcon_core.event_handler.log_command:Invoking command in '/home/krissso/master_ws/build/move_test': PYTHONPATH=/home/krissso/master_ws/install/move_test/lib/python3.6/site-packages:${PYTHONPATH} /usr/bin/python3 setup.py develop --prefix /home/krissso/master_ws/install/move_test --editable --build-directory /home/krissso/master_ws/build/move_test/build --no-deps install_data --install-dir /home/krissso/master_ws/install/move_test
[6.030s] Level 1:colcon.colcon_core.shell:create_environment_hook('move_test', 'pythonpath_develop')
[6.032s] INFO:colcon.colcon_core.shell:Creating environment hook '/home/krissso/master_ws/build/move_test/share/move_test/hook/pythonpath_develop.ps1'
[6.034s] DEBUG:colcon.colcon_core.event_handler.log_command:Invoked command in '/home/krissso/master_ws/build/move_test' returned '0': PYTHONPATH=/home/krissso/master_ws/install/move_test/lib/python3.6/site-packages:${PYTHONPATH} /usr/bin/python3 setup.py develop --prefix /home/krissso/master_ws/install/move_test --editable --build-directory /home/krissso/master_ws/build/move_test/build --no-deps install_data --install-dir /home/krissso/master_ws/install/move_test
[6.035s] INFO:colcon.colcon_core.shell:Creating environment descriptor '/home/krissso/master_ws/build/move_test/share/move_test/hook/pythonpath_develop.dsv'
[6.036s] INFO:colcon.colcon_core.shell:Creating environment hook '/home/krissso/master_ws/build/move_test/share/move_test/hook/pythonpath_develop.sh'
[6.039s] Level 1:colcon.colcon_core.environment:checking '/home/krissso/master_ws/install/move_test' for CMake module files
[6.041s] Level 1:colcon.colcon_core.environment:checking '/home/krissso/master_ws/install/move_test' for CMake config files
[6.043s] Level 1:colcon.colcon_core.environment:checking '/home/krissso/master_ws/install/move_test/lib'
[6.043s] Level 1:colcon.colcon_core.environment:checking '/home/krissso/master_ws/install/move_test/bin'
[6.044s] Level 1:colcon.colcon_core.environment:checking '/home/krissso/master_ws/install/move_test/lib/pkgconfig/move_test.pc'
[6.044s] Level 1:colcon.colcon_core.environment:checking '/home/krissso/master_ws/install/move_test/lib/python3.6/site-packages'
[6.044s] Level 1:colcon.colcon_core.shell:create_environment_hook('move_test', 'pythonpath')
[6.045s] INFO:colcon.colcon_core.shell:Creating environment hook '/home/krissso/master_ws/install/move_test/share/move_test/hook/pythonpath.ps1'
[6.046s] INFO:colcon.colcon_core.shell:Creating environment descriptor '/home/krissso/master_ws/install/move_test/share/move_test/hook/pythonpath.dsv'
[6.047s] INFO:colcon.colcon_core.shell:Creating environment hook '/home/krissso/master_ws/install/move_test/share/move_test/hook/pythonpath.sh'
[6.048s] Level 1:colcon.colcon_core.environment:create_environment_scripts_only(move_test)
[6.050s] INFO:colcon.colcon_core.shell:Creating package script '/home/krissso/master_ws/install/move_test/share/move_test/package.ps1'
[6.051s] INFO:colcon.colcon_core.shell:Creating package descriptor '/home/krissso/master_ws/install/move_test/share/move_test/package.dsv'
[6.052s] INFO:colcon.colcon_core.shell:Creating package script '/home/krissso/master_ws/install/move_test/share/move_test/package.sh'
[6.053s] INFO:colcon.colcon_core.shell:Creating package script '/home/krissso/master_ws/install/move_test/share/move_test/package.bash'
[6.054s] INFO:colcon.colcon_core.shell:Creating package script '/home/krissso/master_ws/install/move_test/share/move_test/package.zsh'
[6.054s] Level 1:colcon.colcon_core.environment:create_file_with_runtime_dependencies(/home/krissso/master_ws/install/move_test/share/colcon-core/packages/move_test)
[6.056s] INFO:colcon.colcon_ros.task.ament_python.build:Building ROS package in '/home/krissso/master_ws/src/qr_reader' with build type 'ament_python'
[6.056s] Level 1:colcon.colcon_core.shell:create_environment_hook('qr_reader', 'ament_prefix_path')
[6.058s] INFO:colcon.colcon_core.shell:Creating environment hook '/home/krissso/master_ws/install/qr_reader/share/qr_reader/hook/ament_prefix_path.ps1'
[6.060s] INFO:colcon.colcon_core.shell:Creating environment descriptor '/home/krissso/master_ws/install/qr_reader/share/qr_reader/hook/ament_prefix_path.dsv'
[6.061s] INFO:colcon.colcon_core.shell:Creating environment hook '/home/krissso/master_ws/install/qr_reader/share/qr_reader/hook/ament_prefix_path.sh'
[6.063s] INFO:colcon.colcon_core.shell:Skip shell extension 'powershell' for command environment: Not usable outside of PowerShell
[6.063s] DEBUG:colcon.colcon_core.shell:Skip shell extension 'dsv' for command environment
[6.072s] DEBUG:colcon.colcon_core.shell:Ignoring prefix path '/opt/ros/eloquent'
[6.608s] INFO:colcon.colcon_core.task.python.build:Building Python package in '/home/krissso/master_ws/src/qr_reader'
[6.610s] INFO:colcon.colcon_core.shell:Skip shell extension 'powershell' for command environment: Not usable outside of PowerShell
[6.610s] DEBUG:colcon.colcon_core.shell:Skip shell extension 'dsv' for command environment
[6.620s] DEBUG:colcon.colcon_core.shell:Ignoring prefix path '/opt/ros/eloquent'
[6.633s] DEBUG:colcon.colcon_core.event_handler.log_command:Invoking command in '/home/krissso/master_ws/build/qr_reader': PYTHONPATH=/home/krissso/master_ws/install/qr_reader/lib/python3.6/site-packages:${PYTHONPATH} /usr/bin/python3 setup.py develop --prefix /home/krissso/master_ws/install/qr_reader --editable --build-directory /home/krissso/master_ws/build/qr_reader/build --no-deps install_data --install-dir /home/krissso/master_ws/install/qr_reader
[7.559s] Level 1:colcon.colcon_core.shell:create_environment_hook('qr_reader', 'pythonpath_develop')
[7.562s] INFO:colcon.colcon_core.shell:Creating environment hook '/home/krissso/master_ws/build/qr_reader/share/qr_reader/hook/pythonpath_develop.ps1'
[7.563s] DEBUG:colcon.colcon_core.event_handler.log_command:Invoked command in '/home/krissso/master_ws/build/qr_reader' returned '0': PYTHONPATH=/home/krissso/master_ws/install/qr_reader/lib/python3.6/site-packages:${PYTHONPATH} /usr/bin/python3 setup.py develop --prefix /home/krissso/master_ws/install/qr_reader --editable --build-directory /home/krissso/master_ws/build/qr_reader/build --no-deps install_data --install-dir /home/krissso/master_ws/install/qr_reader
[7.565s] INFO:colcon.colcon_core.shell:Creating environment descriptor '/home/krissso/master_ws/build/qr_reader/share/qr_reader/hook/pythonpath_develop.dsv'
[7.566s] INFO:colcon.colcon_core.shell:Creating environment hook '/home/krissso/master_ws/build/qr_reader/share/qr_reader/hook/pythonpath_develop.sh'
[7.569s] Level 1:colcon.colcon_core.environment:checking '/home/krissso/master_ws/install/qr_reader' for CMake module files
[7.570s] Level 1:colcon.colcon_core.environment:checking '/home/krissso/master_ws/install/qr_reader' for CMake config files
[7.573s] Level 1:colcon.colcon_core.environment:checking '/home/krissso/master_ws/install/qr_reader/lib'
[7.573s] Level 1:colcon.colcon_core.environment:checking '/home/krissso/master_ws/install/qr_reader/bin'
[7.573s] Level 1:colcon.colcon_core.environment:checking '/home/krissso/master_ws/install/qr_reader/lib/pkgconfig/qr_reader.pc'
[7.573s] Level 1:colcon.colcon_core.environment:checking '/home/krissso/master_ws/install/qr_reader/lib/python3.6/site-packages'
[7.573s] Level 1:colcon.colcon_core.shell:create_environment_hook('qr_reader', 'pythonpath')
[7.575s] INFO:colcon.colcon_core.shell:Creating environment hook '/home/krissso/master_ws/install/qr_reader/share/qr_reader/hook/pythonpath.ps1'
[7.576s] INFO:colcon.colcon_core.shell:Creating environment descriptor '/home/krissso/master_ws/install/qr_reader/share/qr_reader/hook/pythonpath.dsv'
[7.576s] INFO:colcon.colcon_core.shell:Creating environment hook '/home/krissso/master_ws/install/qr_reader/share/qr_reader/hook/pythonpath.sh'
[7.577s] Level 1:colcon.colcon_core.environment:create_environment_scripts_only(qr_reader)
[7.579s] INFO:colcon.colcon_core.shell:Creating package script '/home/krissso/master_ws/install/qr_reader/share/qr_reader/package.ps1'
[7.580s] INFO:colcon.colcon_core.shell:Creating package descriptor '/home/krissso/master_ws/install/qr_reader/share/qr_reader/package.dsv'
[7.581s] INFO:colcon.colcon_core.shell:Creating package script '/home/krissso/master_ws/install/qr_reader/share/qr_reader/package.sh'
[7.582s] INFO:colcon.colcon_core.shell:Creating package script '/home/krissso/master_ws/install/qr_reader/share/qr_reader/package.bash'
[7.583s] INFO:colcon.colcon_core.shell:Creating package script '/home/krissso/master_ws/install/qr_reader/share/qr_reader/package.zsh'
[7.583s] Level 1:colcon.colcon_core.environment:create_file_with_runtime_dependencies(/home/krissso/master_ws/install/qr_reader/share/colcon-core/packages/qr_reader)
[7.585s] INFO:colcon.colcon_ros.task.ament_python.build:Building ROS package in '/home/krissso/master_ws/src/range_sensors' with build type 'ament_python'
[7.585s] Level 1:colcon.colcon_core.shell:create_environment_hook('range_sensors', 'ament_prefix_path')
[7.587s] INFO:colcon.colcon_core.shell:Creating environment hook '/home/krissso/master_ws/install/range_sensors/share/range_sensors/hook/ament_prefix_path.ps1'
[7.589s] INFO:colcon.colcon_core.shell:Creating environment descriptor '/home/krissso/master_ws/install/range_sensors/share/range_sensors/hook/ament_prefix_path.dsv'
[7.590s] INFO:colcon.colcon_core.shell:Creating environment hook '/home/krissso/master_ws/install/range_sensors/share/range_sensors/hook/ament_prefix_path.sh'
[7.592s] INFO:colcon.colcon_core.shell:Skip shell extension 'powershell' for command environment: Not usable outside of PowerShell
[7.592s] DEBUG:colcon.colcon_core.shell:Skip shell extension 'dsv' for command environment
[7.601s] DEBUG:colcon.colcon_core.shell:Ignoring prefix path '/opt/ros/eloquent'
[8.119s] INFO:colcon.colcon_core.task.python.build:Building Python package in '/home/krissso/master_ws/src/range_sensors'
[8.121s] INFO:colcon.colcon_core.shell:Skip shell extension 'powershell' for command environment: Not usable outside of PowerShell
[8.121s] DEBUG:colcon.colcon_core.shell:Skip shell extension 'dsv' for command environment
[8.129s] DEBUG:colcon.colcon_core.shell:Ignoring prefix path '/opt/ros/eloquent'
[8.153s] DEBUG:colcon.colcon_core.event_handler.log_command:Invoking command in '/home/krissso/master_ws/build/range_sensors': PYTHONPATH=/home/krissso/master_ws/install/range_sensors/lib/python3.6/site-packages:${PYTHONPATH} /usr/bin/python3 setup.py develop --prefix /home/krissso/master_ws/install/range_sensors --editable --build-directory /home/krissso/master_ws/build/range_sensors/build --no-deps install_data --install-dir /home/krissso/master_ws/install/range_sensors
[9.096s] Level 1:colcon.colcon_core.shell:create_environment_hook('range_sensors', 'pythonpath_develop')
[9.098s] INFO:colcon.colcon_core.shell:Creating environment hook '/home/krissso/master_ws/build/range_sensors/share/range_sensors/hook/pythonpath_develop.ps1'
[9.099s] DEBUG:colcon.colcon_core.event_handler.log_command:Invoked command in '/home/krissso/master_ws/build/range_sensors' returned '0': PYTHONPATH=/home/krissso/master_ws/install/range_sensors/lib/python3.6/site-packages:${PYTHONPATH} /usr/bin/python3 setup.py develop --prefix /home/krissso/master_ws/install/range_sensors --editable --build-directory /home/krissso/master_ws/build/range_sensors/build --no-deps install_data --install-dir /home/krissso/master_ws/install/range_sensors
[9.102s] INFO:colcon.colcon_core.shell:Creating environment descriptor '/home/krissso/master_ws/build/range_sensors/share/range_sensors/hook/pythonpath_develop.dsv'
[9.103s] INFO:colcon.colcon_core.shell:Creating environment hook '/home/krissso/master_ws/build/range_sensors/share/range_sensors/hook/pythonpath_develop.sh'
[9.106s] Level 1:colcon.colcon_core.environment:checking '/home/krissso/master_ws/install/range_sensors' for CMake module files
[9.107s] Level 1:colcon.colcon_core.environment:checking '/home/krissso/master_ws/install/range_sensors' for CMake config files
[9.110s] Level 1:colcon.colcon_core.environment:checking '/home/krissso/master_ws/install/range_sensors/lib'
[9.110s] Level 1:colcon.colcon_core.environment:checking '/home/krissso/master_ws/install/range_sensors/bin'
[9.110s] Level 1:colcon.colcon_core.environment:checking '/home/krissso/master_ws/install/range_sensors/lib/pkgconfig/range_sensors.pc'
[9.110s] Level 1:colcon.colcon_core.environment:checking '/home/krissso/master_ws/install/range_sensors/lib/python3.6/site-packages'
[9.111s] Level 1:colcon.colcon_core.shell:create_environment_hook('range_sensors', 'pythonpath')
[9.112s] INFO:colcon.colcon_core.shell:Creating environment hook '/home/krissso/master_ws/install/range_sensors/share/range_sensors/hook/pythonpath.ps1'
[9.113s] INFO:colcon.colcon_core.shell:Creating environment descriptor '/home/krissso/master_ws/install/range_sensors/share/range_sensors/hook/pythonpath.dsv'
[9.114s] INFO:colcon.colcon_core.shell:Creating environment hook '/home/krissso/master_ws/install/range_sensors/share/range_sensors/hook/pythonpath.sh'
[9.114s] Level 1:colcon.colcon_core.environment:create_environment_scripts_only(range_sensors)
[9.116s] INFO:colcon.colcon_core.shell:Creating package script '/home/krissso/master_ws/install/range_sensors/share/range_sensors/package.ps1'
[9.117s] INFO:colcon.colcon_core.shell:Creating package descriptor '/home/krissso/master_ws/install/range_sensors/share/range_sensors/package.dsv'
[9.118s] INFO:colcon.colcon_core.shell:Creating package script '/home/krissso/master_ws/install/range_sensors/share/range_sensors/package.sh'
[9.119s] INFO:colcon.colcon_core.shell:Creating package script '/home/krissso/master_ws/install/range_sensors/share/range_sensors/package.bash'
[9.120s] INFO:colcon.colcon_core.shell:Creating package script '/home/krissso/master_ws/install/range_sensors/share/range_sensors/package.zsh'
[9.121s] Level 1:colcon.colcon_core.environment:create_file_with_runtime_dependencies(/home/krissso/master_ws/install/range_sensors/share/colcon-core/packages/range_sensors)
[9.122s] INFO:colcon.colcon_ros.task.ament_cmake.build:Building ROS package in '/home/krissso/master_ws/src/visualization' with build type 'ament_cmake'
[9.124s] INFO:colcon.colcon_cmake.task.cmake.build:Building CMake package in '/home/krissso/master_ws/src/visualization'
[9.125s] INFO:colcon.colcon_core.shell:Skip shell extension 'powershell' for command environment: Not usable outside of PowerShell
[9.125s] DEBUG:colcon.colcon_core.shell:Skip shell extension 'dsv' for command environment
[9.133s] DEBUG:colcon.colcon_core.shell:Ignoring prefix path '/opt/ros/eloquent'
[9.160s] DEBUG:colcon.colcon_core.event_handler.log_command:Invoking command in '/home/krissso/master_ws/build/visualization': CMAKE_PREFIX_PATH=/opt/ros/eloquent /usr/bin/cmake --build /home/krissso/master_ws/build/visualization -- -j1 -l1
[9.319s] DEBUG:colcon.colcon_core.event_handler.log_command:Invoked command in '/home/krissso/master_ws/build/visualization' returned '0': CMAKE_PREFIX_PATH=/opt/ros/eloquent /usr/bin/cmake --build /home/krissso/master_ws/build/visualization -- -j1 -l1
[9.380s] DEBUG:colcon.colcon_core.event_handler.log_command:Invoking command in '/home/krissso/master_ws/build/visualization': CMAKE_PREFIX_PATH=/opt/ros/eloquent /usr/bin/cmake --build /home/krissso/master_ws/build/visualization --target install -- -j1 -l1
[9.566s] Level 1:colcon.colcon_core.environment:create_environment_scripts_only(visualization)
[9.568s] Level 1:colcon.colcon_core.environment:checking '/home/krissso/master_ws/install/visualization' for CMake module files
[9.569s] DEBUG:colcon.colcon_core.event_handler.log_command:Invoked command in '/home/krissso/master_ws/build/visualization' returned '0': CMAKE_PREFIX_PATH=/opt/ros/eloquent /usr/bin/cmake --build /home/krissso/master_ws/build/visualization --target install -- -j1 -l1
[9.571s] Level 1:colcon.colcon_core.environment:checking '/home/krissso/master_ws/install/visualization' for CMake config files
[9.573s] Level 1:colcon.colcon_core.shell:create_environment_hook('visualization', 'cmake_prefix_path')
[9.574s] INFO:colcon.colcon_core.shell:Creating environment hook '/home/krissso/master_ws/install/visualization/share/visualization/hook/cmake_prefix_path.ps1'
[9.575s] INFO:colcon.colcon_core.shell:Creating environment descriptor '/home/krissso/master_ws/install/visualization/share/visualization/hook/cmake_prefix_path.dsv'
[9.576s] INFO:colcon.colcon_core.shell:Creating environment hook '/home/krissso/master_ws/install/visualization/share/visualization/hook/cmake_prefix_path.sh'
[9.578s] Level 1:colcon.colcon_core.environment:checking '/home/krissso/master_ws/install/visualization/bin'
[9.578s] Level 1:colcon.colcon_core.environment:checking '/home/krissso/master_ws/install/visualization/lib/pkgconfig/visualization.pc'
[9.578s] Level 1:colcon.colcon_core.environment:checking '/home/krissso/master_ws/install/visualization/lib/python3.6/site-packages'
[9.580s] INFO:colcon.colcon_core.shell:Creating package script '/home/krissso/master_ws/install/visualization/share/visualization/package.ps1'
[9.581s] INFO:colcon.colcon_core.shell:Creating package descriptor '/home/krissso/master_ws/install/visualization/share/visualization/package.dsv'
[9.582s] INFO:colcon.colcon_core.shell:Creating package script '/home/krissso/master_ws/install/visualization/share/visualization/package.sh'
[9.583s] INFO:colcon.colcon_core.shell:Creating package script '/home/krissso/master_ws/install/visualization/share/visualization/package.bash'
[9.584s] INFO:colcon.colcon_core.shell:Creating package script '/home/krissso/master_ws/install/visualization/share/visualization/package.zsh'
[9.585s] Level 1:colcon.colcon_core.environment:create_file_with_runtime_dependencies(/home/krissso/master_ws/install/visualization/share/colcon-core/packages/visualization)
[9.587s] DEBUG:colcon.colcon_parallel_executor.executor.parallel:closing loop
[9.588s] DEBUG:colcon.colcon_parallel_executor.executor.parallel:loop closed
[9.588s] DEBUG:colcon.colcon_parallel_executor.executor.parallel:run_until_complete finished with '0'
[9.588s] DEBUG:colcon.colcon_core.event_reactor:joining thread
[9.612s] INFO:colcon.colcon_core.plugin_system:Skipping extension 'colcon_notification.desktop_notification.terminal_notifier': Not used on non-Darwin systems
[9.612s] INFO:colcon.colcon_core.plugin_system:Skipping extension 'colcon_notification.desktop_notification.win32': Not used on non-Windows systems
[9.612s] INFO:colcon.colcon_notification.desktop_notification:Sending desktop notification using 'notify2'
[9.622s] DEBUG:colcon.colcon_core.event_reactor:joined thread
[9.623s] INFO:colcon.colcon_core.shell:Creating prefix script '/home/krissso/master_ws/install/local_setup.ps1'
[9.628s] INFO:colcon.colcon_core.shell:Creating prefix util module '/home/krissso/master_ws/install/_local_setup_util_ps1.py'
[9.639s] INFO:colcon.colcon_core.shell:Creating prefix chain script '/home/krissso/master_ws/install/setup.ps1'
[9.655s] INFO:colcon.colcon_core.shell:Creating prefix script '/home/krissso/master_ws/install/local_setup.sh'
[9.657s] INFO:colcon.colcon_core.shell:Creating prefix util module '/home/krissso/master_ws/install/_local_setup_util_sh.py'
[9.657s] INFO:colcon.colcon_core.shell:Creating prefix chain script '/home/krissso/master_ws/install/setup.sh'
[9.668s] INFO:colcon.colcon_core.shell:Creating prefix script '/home/krissso/master_ws/install/local_setup.bash'
[9.671s] INFO:colcon.colcon_core.shell:Creating prefix chain script '/home/krissso/master_ws/install/setup.bash'
[9.684s] INFO:colcon.colcon_core.shell:Creating prefix script '/home/krissso/master_ws/install/local_setup.zsh'
[9.687s] INFO:colcon.colcon_core.shell:Creating prefix chain script '/home/krissso/master_ws/install/setup.zsh'
