[0.415s] -- The C compiler identification is GNU 7.5.0
[0.760s] -- The CXX compiler identification is GNU 7.5.0
[0.777s] -- Check for working C compiler: /usr/bin/cc
[0.883s] -- Check for working C compiler: /usr/bin/cc -- works
[0.886s] -- Detecting C compiler ABI info
[0.970s] -- Detecting C compiler ABI info - done
[0.981s] -- Detecting C compile features
[1.233s] -- Detecting C compile features - done
[1.250s] -- Check for working CXX compiler: /usr/bin/c++
[1.363s] -- Check for working CXX compiler: /usr/bin/c++ -- works
[1.364s] -- Detecting CXX compiler ABI info
[1.467s] -- Detecting CXX compiler ABI info - done
[1.477s] -- Detecting CXX compile features
[1.906s] -- Detecting CXX compile features - done
[1.923s] -- Found ament_cmake: 0.8.2 (/opt/ros/eloquent/share/ament_cmake/cmake)
[1.972s] -- Found PythonInterp: /usr/bin/python3 (found suitable version "3.6.9", minimum required is "3") 
[1.973s] -- Using PYTHON_EXECUTABLE: /usr/bin/python3
[2.288s] -- Override CMake install command with custom implementation using symlinks instead of copying resources
[2.368s] -- Found urdf: 2.2.0 (/opt/ros/eloquent/share/urdf/cmake)
[2.551s] -- Configuring done
[2.555s] -- Generating done
[2.557s] -- Build files have been written to: /home/krissso/master_ws/build/visualization
[2.717s] [36mInstall the project...[0m
[2.728s] -- Install configuration: ""
[2.729s] -- Execute custom install script
[2.730s] -- Symlinking: /home/krissso/master_ws/install/visualization/share/visualization/config/model.rviz
[2.741s] -- Symlinking: /home/krissso/master_ws/install/visualization/share/visualization/urdf/test.urdf
[2.752s] -- Symlinking: /home/krissso/master_ws/install/visualization/share/visualization/launch/tb3.launch.py
[2.762s] -- Symlinking: /home/krissso/master_ws/install/visualization/share/visualization/launch/test.launch.py
[2.780s] -- Symlinking: /home/krissso/master_ws/install/visualization/share/ament_index/resource_index/package_run_dependencies/visualization
[2.792s] -- Symlinking: /home/krissso/master_ws/install/visualization/share/ament_index/resource_index/parent_prefix_path/visualization
[2.805s] -- Symlinking: /home/krissso/master_ws/install/visualization/share/visualization/environment/ament_prefix_path.sh
[2.817s] -- Symlinking: /home/krissso/master_ws/install/visualization/share/visualization/environment/ament_prefix_path.dsv
[2.828s] -- Symlinking: /home/krissso/master_ws/install/visualization/share/visualization/environment/path.sh
[2.838s] -- Symlinking: /home/krissso/master_ws/install/visualization/share/visualization/environment/path.dsv
[2.849s] -- Symlinking: /home/krissso/master_ws/install/visualization/share/visualization/local_setup.bash
[2.859s] -- Symlinking: /home/krissso/master_ws/install/visualization/share/visualization/local_setup.sh
[2.870s] -- Symlinking: /home/krissso/master_ws/install/visualization/share/visualization/local_setup.zsh
[2.881s] -- Symlinking: /home/krissso/master_ws/install/visualization/share/visualization/local_setup.dsv
[2.892s] -- Symlinking: /home/krissso/master_ws/install/visualization/share/visualization/package.dsv
[2.906s] -- Symlinking: /home/krissso/master_ws/install/visualization/share/ament_index/resource_index/packages/visualization
[2.918s] -- Symlinking: /home/krissso/master_ws/install/visualization/share/visualization/cmake/visualizationConfig.cmake
[2.929s] -- Symlinking: /home/krissso/master_ws/install/visualization/share/visualization/cmake/visualizationConfig-version.cmake
[2.939s] -- Symlinking: /home/krissso/master_ws/install/visualization/share/visualization/package.xml
