[0.242s] [36mInstall the project...[0m
[0.255s] -- Install configuration: ""
[0.257s] -- Execute custom install script
[0.258s] -- Up-to-date symlink: /home/krissso/master_ws/install/visualization/share/visualization/config/model.rviz
[0.258s] -- Up-to-date symlink: /home/krissso/master_ws/install/visualization/share/visualization/urdf/test.urdf
[0.259s] -- Up-to-date symlink: /home/krissso/master_ws/install/visualization/share/visualization/launch/test.launch.py
[0.262s] -- Up-to-date symlink: /home/krissso/master_ws/install/visualization/share/visualization/launch/test2.launch.py
[0.263s] -- Up-to-date symlink: /home/krissso/master_ws/install/visualization/share/ament_index/resource_index/package_run_dependencies/visualization
[0.263s] -- Up-to-date symlink: /home/krissso/master_ws/install/visualization/share/ament_index/resource_index/parent_prefix_path/visualization
[0.264s] -- Up-to-date symlink: /home/krissso/master_ws/install/visualization/share/visualization/environment/ament_prefix_path.sh
[0.265s] -- Up-to-date symlink: /home/krissso/master_ws/install/visualization/share/visualization/environment/ament_prefix_path.dsv
[0.265s] -- Up-to-date symlink: /home/krissso/master_ws/install/visualization/share/visualization/environment/path.sh
[0.266s] -- Up-to-date symlink: /home/krissso/master_ws/install/visualization/share/visualization/environment/path.dsv
[0.267s] -- Up-to-date symlink: /home/krissso/master_ws/install/visualization/share/visualization/local_setup.bash
[0.267s] -- Up-to-date symlink: /home/krissso/master_ws/install/visualization/share/visualization/local_setup.sh
[0.268s] -- Up-to-date symlink: /home/krissso/master_ws/install/visualization/share/visualization/local_setup.zsh
[0.269s] -- Up-to-date symlink: /home/krissso/master_ws/install/visualization/share/visualization/local_setup.dsv
[0.269s] -- Symlinking: /home/krissso/master_ws/install/visualization/share/visualization/package.dsv
[0.285s] -- Up-to-date symlink: /home/krissso/master_ws/install/visualization/share/ament_index/resource_index/packages/visualization
[0.286s] -- Up-to-date symlink: /home/krissso/master_ws/install/visualization/share/visualization/cmake/visualizationConfig.cmake
[0.286s] -- Up-to-date symlink: /home/krissso/master_ws/install/visualization/share/visualization/cmake/visualizationConfig-version.cmake
[0.287s] -- Up-to-date symlink: /home/krissso/master_ws/install/visualization/share/visualization/package.xml
