[0.025s] Invoking command in '/home/krissso/master_ws/build/visualization': CMAKE_PREFIX_PATH=${CMAKE_PREFIX_PATH}:/home/krissso/master_ws/install/range_sensors:/home/krissso/master_ws/install/qr_reader:/home/krissso/master_ws/install/move_test:/home/krissso/master_ws/install/map:/home/krissso/master_ws/install/intel_realsense:/opt/ros/eloquent /usr/bin/cmake --build /home/krissso/master_ws/build/visualization -- -j1 -l1
[0.102s] Invoked command in '/home/krissso/master_ws/build/visualization' returned '0': CMAKE_PREFIX_PATH=${CMAKE_PREFIX_PATH}:/home/krissso/master_ws/install/range_sensors:/home/krissso/master_ws/install/qr_reader:/home/krissso/master_ws/install/move_test:/home/krissso/master_ws/install/map:/home/krissso/master_ws/install/intel_realsense:/opt/ros/eloquent /usr/bin/cmake --build /home/krissso/master_ws/build/visualization -- -j1 -l1
[0.152s] Invoking command in '/home/krissso/master_ws/build/visualization': CMAKE_PREFIX_PATH=${CMAKE_PREFIX_PATH}:/home/krissso/master_ws/install/range_sensors:/home/krissso/master_ws/install/qr_reader:/home/krissso/master_ws/install/move_test:/home/krissso/master_ws/install/map:/home/krissso/master_ws/install/intel_realsense:/opt/ros/eloquent /usr/bin/cmake --build /home/krissso/master_ws/build/visualization --target install -- -j1 -l1
[0.227s] [36mInstall the project...[0m
[0.242s] -- Install configuration: ""
[0.244s] -- Execute custom install script
[0.245s] -- Up-to-date symlink: /home/krissso/master_ws/install/visualization/share/visualization/config/model.rviz
[0.246s] -- Up-to-date symlink: /home/krissso/master_ws/install/visualization/share/visualization/urdf/test.urdf
[0.247s] -- Up-to-date symlink: /home/krissso/master_ws/install/visualization/share/visualization/launch/test.launch.py
[0.248s] -- Up-to-date symlink: /home/krissso/master_ws/install/visualization/share/visualization/launch/test2.launch.py
[0.248s] -- Up-to-date symlink: /home/krissso/master_ws/install/visualization/share/ament_index/resource_index/package_run_dependencies/visualization
[0.249s] -- Up-to-date symlink: /home/krissso/master_ws/install/visualization/share/ament_index/resource_index/parent_prefix_path/visualization
[0.250s] -- Up-to-date symlink: /home/krissso/master_ws/install/visualization/share/visualization/environment/ament_prefix_path.sh
[0.250s] -- Up-to-date symlink: /home/krissso/master_ws/install/visualization/share/visualization/environment/ament_prefix_path.dsv
[0.251s] -- Up-to-date symlink: /home/krissso/master_ws/install/visualization/share/visualization/environment/path.sh
[0.252s] -- Up-to-date symlink: /home/krissso/master_ws/install/visualization/share/visualization/environment/path.dsv
[0.252s] -- Up-to-date symlink: /home/krissso/master_ws/install/visualization/share/visualization/local_setup.bash
[0.253s] -- Up-to-date symlink: /home/krissso/master_ws/install/visualization/share/visualization/local_setup.sh
[0.253s] -- Up-to-date symlink: /home/krissso/master_ws/install/visualization/share/visualization/local_setup.zsh
[0.254s] -- Up-to-date symlink: /home/krissso/master_ws/install/visualization/share/visualization/local_setup.dsv
[0.255s] -- Symlinking: /home/krissso/master_ws/install/visualization/share/visualization/package.dsv
[0.268s] -- Up-to-date symlink: /home/krissso/master_ws/install/visualization/share/ament_index/resource_index/packages/visualization
[0.269s] -- Up-to-date symlink: /home/krissso/master_ws/install/visualization/share/visualization/cmake/visualizationConfig.cmake
[0.270s] -- Up-to-date symlink: /home/krissso/master_ws/install/visualization/share/visualization/cmake/visualizationConfig-version.cmake
[0.270s] -- Up-to-date symlink: /home/krissso/master_ws/install/visualization/share/visualization/package.xml
[0.276s] Invoked command in '/home/krissso/master_ws/build/visualization' returned '0': CMAKE_PREFIX_PATH=${CMAKE_PREFIX_PATH}:/home/krissso/master_ws/install/range_sensors:/home/krissso/master_ws/install/qr_reader:/home/krissso/master_ws/install/move_test:/home/krissso/master_ws/install/map:/home/krissso/master_ws/install/intel_realsense:/opt/ros/eloquent /usr/bin/cmake --build /home/krissso/master_ws/build/visualization --target install -- -j1 -l1
